2020-08-28 09:14:39,454 INFO  com.zaxxer.hikari.HikariDataSource HikariPool-1 - Starting...
2020-08-28 09:14:39,612 INFO  com.zaxxer.hikari.HikariDataSource HikariPool-1 - Start completed.
2020-08-28 09:14:39,613 INFO  com.zaxxer.hikari.HikariDataSource HikariPool-2 - Starting...
2020-08-28 09:14:39,621 INFO  com.zaxxer.hikari.HikariDataSource HikariPool-2 - Start completed.
2020-08-28 09:14:39,996 INFO  org.redisson.Version Redisson 3.11.6
2020-08-28 09:14:40,116 INFO  org.redisson.connection.pool.MasterPubSubConnectionPool 1 connections initialized for 127.0.0.1/127.0.0.1:6379
2020-08-28 09:14:40,121 INFO  org.redisson.connection.pool.MasterConnectionPool 24 connections initialized for 127.0.0.1/127.0.0.1:6379
2020-08-28 09:14:40,187 INFO  vn.zalopay.phucvt.fooapp.server.RestfulAPI Starting RestfulAPI Server ...
2020-08-28 09:14:40,192 INFO  vn.zalopay.phucvt.fooapp.server.RestfulAPI Starting RestfulAPI Server ...
2020-08-28 09:14:40,199 INFO  vn.zalopay.phucvt.fooapp.server.RestfulAPI Starting RestfulAPI Server ...
2020-08-28 09:14:40,204 INFO  vn.zalopay.phucvt.fooapp.server.RestfulAPI Starting RestfulAPI Server ...
2020-08-28 09:14:40,215 INFO  vn.zalopay.phucvt.fooapp.server.RestfulAPI Starting RestfulAPI Server ...
2020-08-28 09:14:40,216 INFO  vn.zalopay.phucvt.fooapp.server.RestfulAPI Starting RestfulAPI Server ...
2020-08-28 09:14:40,218 INFO  vn.zalopay.phucvt.fooapp.server.RestfulAPI Starting RestfulAPI Server ...
2020-08-28 09:14:40,228 INFO  vn.zalopay.phucvt.fooapp.server.RestfulAPI Starting RestfulAPI Server ...
2020-08-28 09:14:40,238 INFO  vn.zalopay.phucvt.fooapp.server.RestfulAPI API Server start successfully !, port:8055
2020-08-28 09:14:40,238 INFO  vn.zalopay.phucvt.fooapp.server.RestfulAPI API Server start successfully !, port:8055
2020-08-28 09:14:40,239 INFO  vn.zalopay.phucvt.fooapp.server.RestfulAPI API Server start successfully !, port:8055
2020-08-28 09:14:40,239 INFO  vn.zalopay.phucvt.fooapp.server.RestfulAPI API Server start successfully !, port:8055
2020-08-28 09:14:40,239 INFO  vn.zalopay.phucvt.fooapp.server.RestfulAPI API Server start successfully !, port:8055
2020-08-28 09:14:40,239 INFO  vn.zalopay.phucvt.fooapp.server.RestfulAPI API Server start successfully !, port:8055
2020-08-28 09:14:40,240 INFO  vn.zalopay.phucvt.fooapp.server.RestfulAPI API Server start successfully !, port:8055
2020-08-28 09:14:40,240 INFO  vn.zalopay.phucvt.fooapp.server.RestfulAPI API Server start successfully !, port:8055
2020-08-28 09:21:02,106 INFO  com.zaxxer.hikari.HikariDataSource HikariPool-1 - Starting...
2020-08-28 09:21:02,272 INFO  com.zaxxer.hikari.HikariDataSource HikariPool-1 - Start completed.
2020-08-28 09:21:02,273 INFO  com.zaxxer.hikari.HikariDataSource HikariPool-2 - Starting...
2020-08-28 09:21:02,290 INFO  com.zaxxer.hikari.HikariDataSource HikariPool-2 - Start completed.
2020-08-28 09:21:02,659 INFO  org.redisson.Version Redisson 3.11.6
2020-08-28 09:21:02,762 INFO  org.redisson.connection.pool.MasterPubSubConnectionPool 1 connections initialized for 127.0.0.1/127.0.0.1:6379
2020-08-28 09:21:02,765 INFO  org.redisson.connection.pool.MasterConnectionPool 24 connections initialized for 127.0.0.1/127.0.0.1:6379
2020-08-28 09:21:02,809 INFO  vn.zalopay.phucvt.fooapp.server.RestfulAPI Starting RestfulAPI Server ...
2020-08-28 09:21:02,809 INFO  vn.zalopay.phucvt.fooapp.server.RestfulAPI Starting RestfulAPI Server ...
2020-08-28 09:21:02,815 INFO  vn.zalopay.phucvt.fooapp.server.RestfulAPI Starting RestfulAPI Server ...
2020-08-28 09:21:02,815 INFO  vn.zalopay.phucvt.fooapp.server.RestfulAPI Starting RestfulAPI Server ...
2020-08-28 09:21:02,824 INFO  vn.zalopay.phucvt.fooapp.server.RestfulAPI Starting RestfulAPI Server ...
2020-08-28 09:21:02,828 INFO  vn.zalopay.phucvt.fooapp.server.RestfulAPI Starting RestfulAPI Server ...
2020-08-28 09:21:02,830 INFO  vn.zalopay.phucvt.fooapp.server.RestfulAPI Starting RestfulAPI Server ...
2020-08-28 09:21:02,832 INFO  vn.zalopay.phucvt.fooapp.server.RestfulAPI Starting RestfulAPI Server ...
2020-08-28 09:21:02,848 ERROR vn.zalopay.phucvt.fooapp.server.RestfulAPI API Server start fail. Reason: Address already in use
2020-08-28 09:21:02,848 ERROR vn.zalopay.phucvt.fooapp.server.RestfulAPI API Server start fail. Reason: Address already in use
2020-08-28 09:21:02,848 ERROR vn.zalopay.phucvt.fooapp.server.RestfulAPI API Server start fail. Reason: Address already in use
2020-08-28 09:21:02,849 ERROR vn.zalopay.phucvt.fooapp.server.RestfulAPI API Server start fail. Reason: Address already in use
2020-08-28 09:21:02,849 ERROR vn.zalopay.phucvt.fooapp.server.RestfulAPI API Server start fail. Reason: Address already in use
2020-08-28 09:21:02,848 ERROR vn.zalopay.phucvt.fooapp.server.RestfulAPI API Server start fail. Reason: Address already in use
2020-08-28 09:21:02,849 ERROR vn.zalopay.phucvt.fooapp.server.RestfulAPI API Server start fail. Reason: Address already in use
2020-08-28 09:21:02,849 ERROR vn.zalopay.phucvt.fooapp.server.RestfulAPI API Server start fail. Reason: Address already in use
2020-08-28 09:22:09,190 INFO  com.zaxxer.hikari.HikariDataSource HikariPool-1 - Starting...
2020-08-28 09:22:09,351 INFO  com.zaxxer.hikari.HikariDataSource HikariPool-1 - Start completed.
2020-08-28 09:22:09,352 INFO  com.zaxxer.hikari.HikariDataSource HikariPool-2 - Starting...
2020-08-28 09:22:09,359 INFO  com.zaxxer.hikari.HikariDataSource HikariPool-2 - Start completed.
2020-08-28 09:22:09,695 INFO  org.redisson.Version Redisson 3.11.6
2020-08-28 09:22:09,797 INFO  org.redisson.connection.pool.MasterConnectionPool 24 connections initialized for 127.0.0.1/127.0.0.1:6379
2020-08-28 09:22:09,800 INFO  org.redisson.connection.pool.MasterPubSubConnectionPool 1 connections initialized for 127.0.0.1/127.0.0.1:6379
2020-08-28 09:22:09,842 INFO  vn.zalopay.phucvt.fooapp.server.RestfulAPI Starting RestfulAPI Server ...
2020-08-28 09:22:09,842 INFO  vn.zalopay.phucvt.fooapp.server.RestfulAPI Starting RestfulAPI Server ...
2020-08-28 09:22:09,843 INFO  vn.zalopay.phucvt.fooapp.server.RestfulAPI Starting RestfulAPI Server ...
2020-08-28 09:22:09,844 INFO  vn.zalopay.phucvt.fooapp.server.RestfulAPI Starting RestfulAPI Server ...
2020-08-28 09:22:09,845 INFO  vn.zalopay.phucvt.fooapp.server.RestfulAPI Starting RestfulAPI Server ...
2020-08-28 09:22:09,847 INFO  vn.zalopay.phucvt.fooapp.server.RestfulAPI Starting RestfulAPI Server ...
2020-08-28 09:22:09,848 INFO  vn.zalopay.phucvt.fooapp.server.RestfulAPI Starting RestfulAPI Server ...
2020-08-28 09:22:09,852 INFO  vn.zalopay.phucvt.fooapp.server.RestfulAPI Starting RestfulAPI Server ...
2020-08-28 09:22:09,880 ERROR vn.zalopay.phucvt.fooapp.server.RestfulAPI API Server start fail. Reason: Address already in use
2020-08-28 09:22:09,880 ERROR vn.zalopay.phucvt.fooapp.server.RestfulAPI API Server start fail. Reason: Address already in use
2020-08-28 09:22:09,880 ERROR vn.zalopay.phucvt.fooapp.server.RestfulAPI API Server start fail. Reason: Address already in use
2020-08-28 09:22:09,880 ERROR vn.zalopay.phucvt.fooapp.server.RestfulAPI API Server start fail. Reason: Address already in use
2020-08-28 09:22:09,881 ERROR vn.zalopay.phucvt.fooapp.server.RestfulAPI API Server start fail. Reason: Address already in use
2020-08-28 09:22:09,881 ERROR vn.zalopay.phucvt.fooapp.server.RestfulAPI API Server start fail. Reason: Address already in use
2020-08-28 09:22:09,881 ERROR vn.zalopay.phucvt.fooapp.server.RestfulAPI API Server start fail. Reason: Address already in use
2020-08-28 09:22:09,881 ERROR vn.zalopay.phucvt.fooapp.server.RestfulAPI API Server start fail. Reason: Address already in use
2020-08-28 09:25:47,325 INFO  com.zaxxer.hikari.HikariDataSource HikariPool-1 - Starting...
2020-08-28 09:25:47,484 INFO  com.zaxxer.hikari.HikariDataSource HikariPool-1 - Start completed.
2020-08-28 09:25:47,485 INFO  com.zaxxer.hikari.HikariDataSource HikariPool-2 - Starting...
2020-08-28 09:25:47,493 INFO  com.zaxxer.hikari.HikariDataSource HikariPool-2 - Start completed.
2020-08-28 09:25:47,847 INFO  org.redisson.Version Redisson 3.11.6
2020-08-28 09:25:48,015 INFO  org.redisson.connection.pool.MasterPubSubConnectionPool 1 connections initialized for 127.0.0.1/127.0.0.1:6379
2020-08-28 09:25:48,016 INFO  org.redisson.connection.pool.MasterConnectionPool 24 connections initialized for 127.0.0.1/127.0.0.1:6379
2020-08-28 09:25:48,065 INFO  vn.zalopay.phucvt.fooapp.server.RestfulAPI Starting RestfulAPI Server ...
2020-08-28 09:25:48,068 INFO  vn.zalopay.phucvt.fooapp.server.RestfulAPI Starting RestfulAPI Server ...
2020-08-28 09:25:48,076 INFO  vn.zalopay.phucvt.fooapp.server.RestfulAPI Starting RestfulAPI Server ...
2020-08-28 09:25:48,080 INFO  vn.zalopay.phucvt.fooapp.server.RestfulAPI Starting RestfulAPI Server ...
2020-08-28 09:25:48,089 INFO  vn.zalopay.phucvt.fooapp.server.RestfulAPI Starting RestfulAPI Server ...
2020-08-28 09:25:48,091 INFO  vn.zalopay.phucvt.fooapp.server.RestfulAPI Starting RestfulAPI Server ...
2020-08-28 09:25:48,096 INFO  vn.zalopay.phucvt.fooapp.server.RestfulAPI Starting RestfulAPI Server ...
2020-08-28 09:25:48,102 INFO  vn.zalopay.phucvt.fooapp.server.RestfulAPI Starting RestfulAPI Server ...
2020-08-28 09:25:48,105 INFO  vn.zalopay.phucvt.fooapp.server.RestfulAPI API Server start successfully !, port:8055
2020-08-28 09:25:48,105 INFO  vn.zalopay.phucvt.fooapp.server.RestfulAPI API Server start successfully !, port:8055
2020-08-28 09:25:48,105 INFO  vn.zalopay.phucvt.fooapp.server.RestfulAPI API Server start successfully !, port:8055
2020-08-28 09:25:48,106 INFO  vn.zalopay.phucvt.fooapp.server.RestfulAPI API Server start successfully !, port:8055
2020-08-28 09:25:48,106 INFO  vn.zalopay.phucvt.fooapp.server.RestfulAPI API Server start successfully !, port:8055
2020-08-28 09:25:48,106 INFO  vn.zalopay.phucvt.fooapp.server.RestfulAPI API Server start successfully !, port:8055
2020-08-28 09:25:48,106 INFO  vn.zalopay.phucvt.fooapp.server.RestfulAPI API Server start successfully !, port:8055
2020-08-28 09:25:48,107 INFO  vn.zalopay.phucvt.fooapp.server.RestfulAPI API Server start successfully !, port:8055
2020-08-28 09:26:11,423 INFO  vn.zalopay.phucvt.fooapp.handler.BaseHandler call handle func in abstract class.
2020-08-28 09:26:11,453 INFO  vn.zalopay.phucvt.fooapp.handler.SignUpHandler get user post data noradomi
2020-08-28 09:26:11,456 INFO  vn.zalopay.phucvt.fooapp.handler.SignUpHandler Input data correct
2020-08-28 09:26:11,456 INFO  vn.zalopay.phucvt.fooapp.da.UserDAImpl select user by user name
2020-08-28 09:26:11,458 INFO  vn.zalopay.phucvt.fooapp.da.UserDAImpl end select
2020-08-28 09:26:11,458 INFO  vn.zalopay.phucvt.fooapp.handler.SignUpHandler Start insert user
2020-08-28 09:26:11,497 INFO  vn.zalopay.phucvt.fooapp.handler.SignUpHandler Block insert user
2020-08-28 09:26:11,500 INFO  vn.zalopay.phucvt.fooapp.handler.SignUpHandler Sign up failed
2020-08-28 09:26:11,507 ERROR vn.zalopay.phucvt.fooapp.handler.BaseHandler Handle request exception request={"params":{"entries":[null,null,null,null,null,null,null,null,null,null,null,null,null,null,null,null,null],"head":{"hash":-1}},"requestPath":"/api/public/signup","postData":"{\n    \"username\": \"phucvt\",\n    \"password\": \"123\",\n    \"fullname\": \"noradomi\"\n}"}
2020-08-28 09:27:36,882 INFO  com.zaxxer.hikari.HikariDataSource HikariPool-1 - Starting...
2020-08-28 09:27:37,036 INFO  com.zaxxer.hikari.HikariDataSource HikariPool-1 - Start completed.
2020-08-28 09:27:37,037 INFO  com.zaxxer.hikari.HikariDataSource HikariPool-2 - Starting...
2020-08-28 09:27:37,044 INFO  com.zaxxer.hikari.HikariDataSource HikariPool-2 - Start completed.
2020-08-28 09:27:37,411 INFO  org.redisson.Version Redisson 3.11.6
2020-08-28 09:27:37,547 INFO  org.redisson.connection.pool.MasterPubSubConnectionPool 1 connections initialized for 127.0.0.1/127.0.0.1:6379
2020-08-28 09:27:37,548 INFO  org.redisson.connection.pool.MasterConnectionPool 24 connections initialized for 127.0.0.1/127.0.0.1:6379
2020-08-28 09:27:37,608 INFO  vn.zalopay.phucvt.fooapp.server.RestfulAPI Starting RestfulAPI Server ...
2020-08-28 09:27:37,608 INFO  vn.zalopay.phucvt.fooapp.server.RestfulAPI Starting RestfulAPI Server ...
2020-08-28 09:27:37,609 INFO  vn.zalopay.phucvt.fooapp.server.RestfulAPI Starting RestfulAPI Server ...
2020-08-28 09:27:37,625 INFO  vn.zalopay.phucvt.fooapp.server.RestfulAPI Starting RestfulAPI Server ...
2020-08-28 09:27:37,628 INFO  vn.zalopay.phucvt.fooapp.server.RestfulAPI Starting RestfulAPI Server ...
2020-08-28 09:27:37,628 INFO  vn.zalopay.phucvt.fooapp.server.RestfulAPI Starting RestfulAPI Server ...
2020-08-28 09:27:37,631 INFO  vn.zalopay.phucvt.fooapp.server.RestfulAPI Starting RestfulAPI Server ...
2020-08-28 09:27:37,631 INFO  vn.zalopay.phucvt.fooapp.server.RestfulAPI Starting RestfulAPI Server ...
2020-08-28 09:27:37,644 INFO  vn.zalopay.phucvt.fooapp.server.RestfulAPI API Server start successfully !, port:8055
2020-08-28 09:27:37,644 INFO  vn.zalopay.phucvt.fooapp.server.RestfulAPI API Server start successfully !, port:8055
2020-08-28 09:27:37,644 INFO  vn.zalopay.phucvt.fooapp.server.RestfulAPI API Server start successfully !, port:8055
2020-08-28 09:27:37,644 INFO  vn.zalopay.phucvt.fooapp.server.RestfulAPI API Server start successfully !, port:8055
2020-08-28 09:27:37,644 INFO  vn.zalopay.phucvt.fooapp.server.RestfulAPI API Server start successfully !, port:8055
2020-08-28 09:27:37,644 INFO  vn.zalopay.phucvt.fooapp.server.RestfulAPI API Server start successfully !, port:8055
2020-08-28 09:27:37,645 INFO  vn.zalopay.phucvt.fooapp.server.RestfulAPI API Server start successfully !, port:8055
2020-08-28 09:27:37,645 INFO  vn.zalopay.phucvt.fooapp.server.RestfulAPI API Server start successfully !, port:8055
2020-08-28 09:27:43,926 INFO  vn.zalopay.phucvt.fooapp.handler.BaseHandler call handle func in abstract class.
2020-08-28 09:27:43,956 INFO  vn.zalopay.phucvt.fooapp.handler.SignUpHandler get user post data noradomi
2020-08-28 09:27:43,959 INFO  vn.zalopay.phucvt.fooapp.handler.SignUpHandler Input data correct
2020-08-28 09:27:43,960 INFO  vn.zalopay.phucvt.fooapp.da.UserDAImpl select user by user name
2020-08-28 09:27:43,964 INFO  vn.zalopay.phucvt.fooapp.da.UserDAImpl end select
2020-08-28 09:27:43,964 INFO  vn.zalopay.phucvt.fooapp.handler.SignUpHandler Start insert user
2020-08-28 09:27:44,005 INFO  vn.zalopay.phucvt.fooapp.handler.SignUpHandler Block insert user
2020-08-28 09:27:44,017 INFO  vn.zalopay.phucvt.fooapp.da.UserDAImpl insert user
2020-08-28 09:27:44,019 INFO  vn.zalopay.phucvt.fooapp.da.BaseTransactionDA affectedRow: 1
2020-08-28 09:27:44,020 INFO  vn.zalopay.phucvt.fooapp.da.UserDAImpl insert user done
2020-08-28 09:27:44,035 INFO  vn.zalopay.phucvt.fooapp.handler.SignUpHandler insert success with noradomi
2020-08-28 09:27:44,036 INFO  vn.zalopay.phucvt.fooapp.handler.SignUpHandler transaction commit
2020-08-28 09:33:51,963 INFO  com.zaxxer.hikari.HikariDataSource HikariPool-1 - Starting...
2020-08-28 09:33:52,113 INFO  com.zaxxer.hikari.HikariDataSource HikariPool-1 - Start completed.
2020-08-28 09:33:52,114 INFO  com.zaxxer.hikari.HikariDataSource HikariPool-2 - Starting...
2020-08-28 09:33:52,123 INFO  com.zaxxer.hikari.HikariDataSource HikariPool-2 - Start completed.
2020-08-28 09:33:52,506 INFO  org.redisson.Version Redisson 3.11.6
2020-08-28 09:33:52,634 INFO  org.redisson.connection.pool.MasterPubSubConnectionPool 1 connections initialized for 127.0.0.1/127.0.0.1:6379
2020-08-28 09:33:52,635 INFO  org.redisson.connection.pool.MasterConnectionPool 24 connections initialized for 127.0.0.1/127.0.0.1:6379
2020-08-28 09:33:52,676 INFO  vn.zalopay.phucvt.fooapp.server.RestfulAPI Starting RestfulAPI Server ...
2020-08-28 09:33:52,682 INFO  vn.zalopay.phucvt.fooapp.server.RestfulAPI Starting RestfulAPI Server ...
2020-08-28 09:33:52,683 INFO  vn.zalopay.phucvt.fooapp.server.RestfulAPI Starting RestfulAPI Server ...
2020-08-28 09:33:52,684 INFO  vn.zalopay.phucvt.fooapp.server.RestfulAPI Starting RestfulAPI Server ...
2020-08-28 09:33:52,685 INFO  vn.zalopay.phucvt.fooapp.server.RestfulAPI Starting RestfulAPI Server ...
2020-08-28 09:33:52,686 INFO  vn.zalopay.phucvt.fooapp.server.RestfulAPI Starting RestfulAPI Server ...
2020-08-28 09:33:52,687 INFO  vn.zalopay.phucvt.fooapp.server.RestfulAPI Starting RestfulAPI Server ...
2020-08-28 09:33:52,688 INFO  vn.zalopay.phucvt.fooapp.server.RestfulAPI Starting RestfulAPI Server ...
2020-08-28 09:33:52,712 INFO  vn.zalopay.phucvt.fooapp.server.RestfulAPI API Server start successfully !, port:8055
2020-08-28 09:33:52,712 INFO  vn.zalopay.phucvt.fooapp.server.RestfulAPI API Server start successfully !, port:8055
2020-08-28 09:33:52,712 INFO  vn.zalopay.phucvt.fooapp.server.RestfulAPI API Server start successfully !, port:8055
2020-08-28 09:33:52,712 INFO  vn.zalopay.phucvt.fooapp.server.RestfulAPI API Server start successfully !, port:8055
2020-08-28 09:33:52,712 INFO  vn.zalopay.phucvt.fooapp.server.RestfulAPI API Server start successfully !, port:8055
2020-08-28 09:33:52,713 INFO  vn.zalopay.phucvt.fooapp.server.RestfulAPI API Server start successfully !, port:8055
2020-08-28 09:33:52,713 INFO  vn.zalopay.phucvt.fooapp.server.RestfulAPI API Server start successfully !, port:8055
2020-08-28 09:33:52,713 INFO  vn.zalopay.phucvt.fooapp.server.RestfulAPI API Server start successfully !, port:8055
2020-08-28 09:33:58,131 INFO  vn.zalopay.phucvt.fooapp.handler.BaseHandler call handle func in abstract class.
2020-08-28 09:33:58,162 INFO  vn.zalopay.phucvt.fooapp.handler.SignUpHandler get user post data noradomi
2020-08-28 09:33:58,165 INFO  vn.zalopay.phucvt.fooapp.handler.SignUpHandler Input data correct
2020-08-28 09:33:58,165 INFO  vn.zalopay.phucvt.fooapp.da.UserDAImpl select user by user name
2020-08-28 09:33:58,167 INFO  vn.zalopay.phucvt.fooapp.da.UserDAImpl end select
2020-08-28 09:33:58,167 INFO  vn.zalopay.phucvt.fooapp.handler.SignUpHandler Start insert user
2020-08-28 09:33:58,203 INFO  vn.zalopay.phucvt.fooapp.handler.SignUpHandler Block insert user
2020-08-28 09:33:58,221 INFO  vn.zalopay.phucvt.fooapp.da.UserDAImpl insert user
2020-08-28 09:33:58,230 INFO  vn.zalopay.phucvt.fooapp.da.BaseTransactionDA affectedRow: 1
2020-08-28 09:33:58,230 INFO  vn.zalopay.phucvt.fooapp.da.UserDAImpl insert user done
2020-08-28 09:33:58,280 INFO  vn.zalopay.phucvt.fooapp.handler.SignUpHandler insert success with noradomi
2020-08-28 09:33:58,282 INFO  vn.zalopay.phucvt.fooapp.handler.SignUpHandler transaction commit
2020-08-28 09:48:10,827 INFO  com.zaxxer.hikari.HikariDataSource HikariPool-1 - Starting...
2020-08-28 09:48:10,982 INFO  com.zaxxer.hikari.HikariDataSource HikariPool-1 - Start completed.
2020-08-28 09:48:10,983 INFO  com.zaxxer.hikari.HikariDataSource HikariPool-2 - Starting...
2020-08-28 09:48:10,991 INFO  com.zaxxer.hikari.HikariDataSource HikariPool-2 - Start completed.
2020-08-28 09:48:11,352 INFO  org.redisson.Version Redisson 3.11.6
2020-08-28 09:48:11,516 INFO  org.redisson.connection.pool.MasterPubSubConnectionPool 1 connections initialized for 127.0.0.1/127.0.0.1:6379
2020-08-28 09:48:11,517 INFO  org.redisson.connection.pool.MasterConnectionPool 24 connections initialized for 127.0.0.1/127.0.0.1:6379
2020-08-28 09:48:11,560 INFO  vn.zalopay.phucvt.fooapp.server.RestfulAPI Starting RestfulAPI Server ...
2020-08-28 09:48:11,561 INFO  vn.zalopay.phucvt.fooapp.server.RestfulAPI Starting RestfulAPI Server ...
2020-08-28 09:48:11,561 INFO  vn.zalopay.phucvt.fooapp.server.RestfulAPI Starting RestfulAPI Server ...
2020-08-28 09:48:11,561 INFO  vn.zalopay.phucvt.fooapp.server.RestfulAPI Starting RestfulAPI Server ...
2020-08-28 09:48:11,564 INFO  vn.zalopay.phucvt.fooapp.server.RestfulAPI Starting RestfulAPI Server ...
2020-08-28 09:48:11,569 INFO  vn.zalopay.phucvt.fooapp.server.RestfulAPI Starting RestfulAPI Server ...
2020-08-28 09:48:11,569 INFO  vn.zalopay.phucvt.fooapp.server.RestfulAPI Starting RestfulAPI Server ...
2020-08-28 09:48:11,572 INFO  vn.zalopay.phucvt.fooapp.server.RestfulAPI Starting RestfulAPI Server ...
2020-08-28 09:48:11,593 INFO  vn.zalopay.phucvt.fooapp.server.RestfulAPI API Server start successfully !, port:8055
2020-08-28 09:48:11,593 INFO  vn.zalopay.phucvt.fooapp.server.RestfulAPI API Server start successfully !, port:8055
2020-08-28 09:48:11,593 INFO  vn.zalopay.phucvt.fooapp.server.RestfulAPI API Server start successfully !, port:8055
2020-08-28 09:48:11,593 INFO  vn.zalopay.phucvt.fooapp.server.RestfulAPI API Server start successfully !, port:8055
2020-08-28 09:48:11,593 INFO  vn.zalopay.phucvt.fooapp.server.RestfulAPI API Server start successfully !, port:8055
2020-08-28 09:48:11,593 INFO  vn.zalopay.phucvt.fooapp.server.RestfulAPI API Server start successfully !, port:8055
2020-08-28 09:48:11,593 INFO  vn.zalopay.phucvt.fooapp.server.RestfulAPI API Server start successfully !, port:8055
2020-08-28 09:48:11,594 INFO  vn.zalopay.phucvt.fooapp.server.RestfulAPI API Server start successfully !, port:8055
2020-08-28 09:48:16,913 INFO  vn.zalopay.phucvt.fooapp.handler.BaseHandler call handle func in abstract class.
2020-08-28 09:48:16,944 INFO  vn.zalopay.phucvt.fooapp.handler.SignUpHandler get user post data noradomi
2020-08-28 09:48:16,947 INFO  vn.zalopay.phucvt.fooapp.handler.SignUpHandler Input data correct
2020-08-28 09:48:16,947 INFO  vn.zalopay.phucvt.fooapp.da.UserDAImpl select user by user name
2020-08-28 09:48:16,949 INFO  vn.zalopay.phucvt.fooapp.da.UserDAImpl end select
2020-08-28 09:48:16,949 INFO  vn.zalopay.phucvt.fooapp.handler.SignUpHandler Start insert user
2020-08-28 09:48:16,989 INFO  vn.zalopay.phucvt.fooapp.handler.SignUpHandler Block insert user
2020-08-28 09:48:17,010 INFO  vn.zalopay.phucvt.fooapp.da.UserDAImpl insert user
2020-08-28 09:48:17,014 INFO  vn.zalopay.phucvt.fooapp.da.BaseTransactionDA affectedRow: 1
2020-08-28 09:48:17,015 INFO  vn.zalopay.phucvt.fooapp.da.UserDAImpl insert user done
2020-08-28 09:48:17,065 INFO  vn.zalopay.phucvt.fooapp.handler.SignUpHandler insert success with noradomi
2020-08-28 09:48:17,067 INFO  vn.zalopay.phucvt.fooapp.handler.SignUpHandler transaction commit
2020-08-28 11:00:37,636 INFO  com.zaxxer.hikari.HikariDataSource HikariPool-1 - Starting...
2020-08-28 11:00:37,787 INFO  com.zaxxer.hikari.HikariDataSource HikariPool-1 - Start completed.
2020-08-28 11:00:37,788 INFO  com.zaxxer.hikari.HikariDataSource HikariPool-2 - Starting...
2020-08-28 11:00:37,795 INFO  com.zaxxer.hikari.HikariDataSource HikariPool-2 - Start completed.
2020-08-28 11:01:02,270 INFO  com.zaxxer.hikari.HikariDataSource HikariPool-1 - Starting...
2020-08-28 11:01:02,424 INFO  com.zaxxer.hikari.HikariDataSource HikariPool-1 - Start completed.
2020-08-28 11:01:02,425 INFO  com.zaxxer.hikari.HikariDataSource HikariPool-2 - Starting...
2020-08-28 11:01:02,432 INFO  com.zaxxer.hikari.HikariDataSource HikariPool-2 - Start completed.
2020-08-28 11:06:55,814 INFO  com.zaxxer.hikari.HikariDataSource HikariPool-1 - Starting...
2020-08-28 11:06:55,968 INFO  com.zaxxer.hikari.HikariDataSource HikariPool-1 - Start completed.
2020-08-28 11:06:55,969 INFO  com.zaxxer.hikari.HikariDataSource HikariPool-2 - Starting...
2020-08-28 11:06:55,976 INFO  com.zaxxer.hikari.HikariDataSource HikariPool-2 - Start completed.
2020-08-28 11:06:56,344 INFO  org.redisson.Version Redisson 3.11.6
2020-08-28 11:06:56,507 INFO  org.redisson.connection.pool.MasterConnectionPool 24 connections initialized for 127.0.0.1/127.0.0.1:6379
2020-08-28 11:06:56,510 INFO  org.redisson.connection.pool.MasterPubSubConnectionPool 1 connections initialized for 127.0.0.1/127.0.0.1:6379
2020-08-28 11:06:56,553 INFO  vn.zalopay.phucvt.fooapp.server.RestfulAPI Starting RestfulAPI Server ...
2020-08-28 11:06:56,556 INFO  vn.zalopay.phucvt.fooapp.server.RestfulAPI Starting RestfulAPI Server ...
2020-08-28 11:06:56,558 INFO  vn.zalopay.phucvt.fooapp.server.RestfulAPI Starting RestfulAPI Server ...
2020-08-28 11:06:56,564 INFO  vn.zalopay.phucvt.fooapp.server.RestfulAPI Starting RestfulAPI Server ...
2020-08-28 11:06:56,568 INFO  vn.zalopay.phucvt.fooapp.server.RestfulAPI Starting RestfulAPI Server ...
2020-08-28 11:06:56,570 INFO  vn.zalopay.phucvt.fooapp.server.RestfulAPI Starting RestfulAPI Server ...
2020-08-28 11:06:56,570 INFO  vn.zalopay.phucvt.fooapp.server.RestfulAPI Starting RestfulAPI Server ...
2020-08-28 11:06:56,571 INFO  vn.zalopay.phucvt.fooapp.server.RestfulAPI Starting RestfulAPI Server ...
2020-08-28 11:06:56,588 INFO  vn.zalopay.phucvt.fooapp.server.RestfulAPI API Server start successfully !, port:8055
2020-08-28 11:06:56,588 INFO  vn.zalopay.phucvt.fooapp.server.RestfulAPI API Server start successfully !, port:8055
2020-08-28 11:06:56,589 INFO  vn.zalopay.phucvt.fooapp.server.RestfulAPI API Server start successfully !, port:8055
2020-08-28 11:06:56,589 INFO  vn.zalopay.phucvt.fooapp.server.RestfulAPI API Server start successfully !, port:8055
2020-08-28 11:06:56,589 INFO  vn.zalopay.phucvt.fooapp.server.RestfulAPI API Server start successfully !, port:8055
2020-08-28 11:06:56,593 INFO  vn.zalopay.phucvt.fooapp.server.RestfulAPI API Server start successfully !, port:8055
2020-08-28 11:06:56,593 INFO  vn.zalopay.phucvt.fooapp.server.RestfulAPI API Server start successfully !, port:8055
2020-08-28 11:06:56,593 INFO  vn.zalopay.phucvt.fooapp.server.RestfulAPI API Server start successfully !, port:8055
2020-08-28 11:07:23,668 INFO  com.zaxxer.hikari.HikariDataSource HikariPool-1 - Starting...
2020-08-28 11:07:23,818 INFO  com.zaxxer.hikari.HikariDataSource HikariPool-1 - Start completed.
2020-08-28 11:07:23,819 INFO  com.zaxxer.hikari.HikariDataSource HikariPool-2 - Starting...
2020-08-28 11:07:23,827 INFO  com.zaxxer.hikari.HikariDataSource HikariPool-2 - Start completed.
2020-08-28 11:08:15,066 INFO  com.zaxxer.hikari.HikariDataSource HikariPool-1 - Starting...
2020-08-28 11:08:15,218 INFO  com.zaxxer.hikari.HikariDataSource HikariPool-1 - Start completed.
2020-08-28 11:08:15,218 INFO  com.zaxxer.hikari.HikariDataSource HikariPool-2 - Starting...
2020-08-28 11:08:15,226 INFO  com.zaxxer.hikari.HikariDataSource HikariPool-2 - Start completed.
2020-08-28 11:08:15,522 INFO  org.redisson.Version Redisson 3.11.6
2020-08-28 11:08:15,634 INFO  org.redisson.connection.pool.MasterPubSubConnectionPool 1 connections initialized for 127.0.0.1/127.0.0.1:6379
2020-08-28 11:08:15,652 INFO  org.redisson.connection.pool.MasterConnectionPool 24 connections initialized for 127.0.0.1/127.0.0.1:6379
2020-08-28 11:08:15,695 INFO  vn.zalopay.phucvt.fooapp.server.RestfulAPI Starting RestfulAPI Server ...
2020-08-28 11:08:15,696 INFO  vn.zalopay.phucvt.fooapp.server.RestfulAPI Starting RestfulAPI Server ...
2020-08-28 11:08:15,703 INFO  vn.zalopay.phucvt.fooapp.server.RestfulAPI Starting RestfulAPI Server ...
2020-08-28 11:08:15,710 INFO  vn.zalopay.phucvt.fooapp.server.RestfulAPI Starting RestfulAPI Server ...
2020-08-28 11:08:15,712 INFO  vn.zalopay.phucvt.fooapp.server.RestfulAPI Starting RestfulAPI Server ...
2020-08-28 11:08:15,712 INFO  vn.zalopay.phucvt.fooapp.server.RestfulAPI Starting RestfulAPI Server ...
2020-08-28 11:08:15,716 INFO  vn.zalopay.phucvt.fooapp.server.RestfulAPI Starting RestfulAPI Server ...
2020-08-28 11:08:15,716 INFO  vn.zalopay.phucvt.fooapp.server.RestfulAPI Starting RestfulAPI Server ...
2020-08-28 11:08:15,737 INFO  vn.zalopay.phucvt.fooapp.server.RestfulAPI API Server start successfully !, port:8055
2020-08-28 11:08:15,737 INFO  vn.zalopay.phucvt.fooapp.server.RestfulAPI API Server start successfully !, port:8055
2020-08-28 11:08:15,737 INFO  vn.zalopay.phucvt.fooapp.server.RestfulAPI API Server start successfully !, port:8055
2020-08-28 11:08:15,737 INFO  vn.zalopay.phucvt.fooapp.server.RestfulAPI API Server start successfully !, port:8055
2020-08-28 11:08:15,738 INFO  vn.zalopay.phucvt.fooapp.server.RestfulAPI API Server start successfully !, port:8055
2020-08-28 11:08:15,738 INFO  vn.zalopay.phucvt.fooapp.server.RestfulAPI API Server start successfully !, port:8055
2020-08-28 11:08:15,738 INFO  vn.zalopay.phucvt.fooapp.server.RestfulAPI API Server start successfully !, port:8055
2020-08-28 11:08:15,738 INFO  vn.zalopay.phucvt.fooapp.server.RestfulAPI API Server start successfully !, port:8055
2020-08-28 11:08:22,390 INFO  vn.zalopay.phucvt.fooapp.handler.BaseHandler call handle func in abstract class.
2020-08-28 11:08:22,421 INFO  vn.zalopay.phucvt.fooapp.handler.SignUpHandler get user post data noradomi
2020-08-28 11:08:22,424 INFO  vn.zalopay.phucvt.fooapp.handler.SignUpHandler Input data correct
2020-08-28 11:08:22,425 INFO  vn.zalopay.phucvt.fooapp.da.UserDAImpl select user by user name
2020-08-28 11:08:22,427 INFO  vn.zalopay.phucvt.fooapp.da.UserDAImpl end select
2020-08-28 11:08:22,427 INFO  vn.zalopay.phucvt.fooapp.handler.SignUpHandler Start insert user
2020-08-28 11:08:22,560 INFO  vn.zalopay.phucvt.fooapp.handler.SignUpHandler Block insert user
2020-08-28 11:08:22,577 INFO  vn.zalopay.phucvt.fooapp.da.UserDAImpl insert user
2020-08-28 11:08:22,581 INFO  vn.zalopay.phucvt.fooapp.da.BaseTransactionDA affectedRow: 1
2020-08-28 11:08:22,582 INFO  vn.zalopay.phucvt.fooapp.da.UserDAImpl insert user done
2020-08-28 11:08:22,623 INFO  vn.zalopay.phucvt.fooapp.handler.SignUpHandler insert success with noradomi
2020-08-28 11:08:22,624 INFO  vn.zalopay.phucvt.fooapp.handler.SignUpHandler transaction commit
2020-08-28 13:15:36,516 INFO  com.zaxxer.hikari.HikariDataSource HikariPool-1 - Starting...
2020-08-28 13:15:36,670 INFO  com.zaxxer.hikari.HikariDataSource HikariPool-1 - Start completed.
2020-08-28 13:15:36,670 INFO  com.zaxxer.hikari.HikariDataSource HikariPool-2 - Starting...
2020-08-28 13:15:36,678 INFO  com.zaxxer.hikari.HikariDataSource HikariPool-2 - Start completed.
2020-08-28 13:15:36,969 INFO  org.redisson.Version Redisson 3.11.6
2020-08-28 13:15:37,172 INFO  org.redisson.connection.pool.MasterConnectionPool 24 connections initialized for 127.0.0.1/127.0.0.1:6379
2020-08-28 13:15:37,177 INFO  org.redisson.connection.pool.MasterPubSubConnectionPool 1 connections initialized for 127.0.0.1/127.0.0.1:6379
2020-08-28 13:15:37,220 INFO  vn.zalopay.phucvt.fooapp.server.RestfulAPI Starting RestfulAPI Server ...
2020-08-28 13:15:37,220 INFO  vn.zalopay.phucvt.fooapp.server.RestfulAPI Starting RestfulAPI Server ...
2020-08-28 13:15:37,220 INFO  vn.zalopay.phucvt.fooapp.server.RestfulAPI Starting RestfulAPI Server ...
2020-08-28 13:15:37,220 INFO  vn.zalopay.phucvt.fooapp.server.RestfulAPI Starting RestfulAPI Server ...
2020-08-28 13:15:37,220 INFO  vn.zalopay.phucvt.fooapp.server.RestfulAPI Starting RestfulAPI Server ...
2020-08-28 13:15:37,221 INFO  vn.zalopay.phucvt.fooapp.server.RestfulAPI Starting RestfulAPI Server ...
2020-08-28 13:15:37,224 INFO  vn.zalopay.phucvt.fooapp.server.RestfulAPI Starting RestfulAPI Server ...
2020-08-28 13:15:37,227 INFO  vn.zalopay.phucvt.fooapp.server.RestfulAPI Starting RestfulAPI Server ...
2020-08-28 13:15:37,261 INFO  vn.zalopay.phucvt.fooapp.server.RestfulAPI API Server start successfully !, port:8055
2020-08-28 13:15:37,261 INFO  vn.zalopay.phucvt.fooapp.server.RestfulAPI API Server start successfully !, port:8055
2020-08-28 13:15:37,261 INFO  vn.zalopay.phucvt.fooapp.server.RestfulAPI API Server start successfully !, port:8055
2020-08-28 13:15:37,261 INFO  vn.zalopay.phucvt.fooapp.server.RestfulAPI API Server start successfully !, port:8055
2020-08-28 13:15:37,261 INFO  vn.zalopay.phucvt.fooapp.server.RestfulAPI API Server start successfully !, port:8055
2020-08-28 13:15:37,262 INFO  vn.zalopay.phucvt.fooapp.server.RestfulAPI API Server start successfully !, port:8055
2020-08-28 13:15:37,262 INFO  vn.zalopay.phucvt.fooapp.server.RestfulAPI API Server start successfully !, port:8055
2020-08-28 13:15:37,262 INFO  vn.zalopay.phucvt.fooapp.server.RestfulAPI API Server start successfully !, port:8055
2020-08-28 13:15:51,381 INFO  vn.zalopay.phucvt.fooapp.handler.BaseHandler call handle func in abstract class.
2020-08-28 13:15:51,414 INFO  vn.zalopay.phucvt.fooapp.handler.SignUpHandler get user post data mentor
2020-08-28 13:15:51,417 INFO  vn.zalopay.phucvt.fooapp.handler.SignUpHandler Input data correct
2020-08-28 13:15:51,417 INFO  vn.zalopay.phucvt.fooapp.da.UserDAImpl select user by user name
2020-08-28 13:15:51,419 INFO  vn.zalopay.phucvt.fooapp.da.UserDAImpl end select
2020-08-28 13:15:51,419 INFO  vn.zalopay.phucvt.fooapp.handler.SignUpHandler Start insert user
2020-08-28 13:15:51,572 INFO  vn.zalopay.phucvt.fooapp.handler.SignUpHandler Block insert user
2020-08-28 13:15:51,581 INFO  vn.zalopay.phucvt.fooapp.handler.SignUpHandler hashed password: $2a$05$l93q7tgjpYbND2CVfASwMOQ61kYIAZ81kT6JfahGossK.rYB3RL5S
2020-08-28 13:15:51,612 INFO  vn.zalopay.phucvt.fooapp.da.UserDAImpl insert user
2020-08-28 13:15:51,614 INFO  vn.zalopay.phucvt.fooapp.da.UserDAImpl Id user null
2020-08-28 13:15:51,628 INFO  vn.zalopay.phucvt.fooapp.da.UserDAImpl insert user fail caused by Column 'user_id' cannot be null
2020-08-28 13:15:51,653 INFO  vn.zalopay.phucvt.fooapp.handler.SignUpHandler insert success with mentor
2020-08-28 13:15:51,658 INFO  vn.zalopay.phucvt.fooapp.handler.SignUpHandler transaction commit
2020-08-28 13:18:08,421 INFO  com.zaxxer.hikari.HikariDataSource HikariPool-1 - Starting...
2020-08-28 13:18:08,575 INFO  com.zaxxer.hikari.HikariDataSource HikariPool-1 - Start completed.
2020-08-28 13:18:08,576 INFO  com.zaxxer.hikari.HikariDataSource HikariPool-2 - Starting...
2020-08-28 13:18:08,583 INFO  com.zaxxer.hikari.HikariDataSource HikariPool-2 - Start completed.
2020-08-28 13:18:08,895 INFO  org.redisson.Version Redisson 3.11.6
2020-08-28 13:18:09,015 INFO  org.redisson.connection.pool.MasterPubSubConnectionPool 1 connections initialized for 127.0.0.1/127.0.0.1:6379
2020-08-28 13:18:09,030 INFO  org.redisson.connection.pool.MasterConnectionPool 24 connections initialized for 127.0.0.1/127.0.0.1:6379
2020-08-28 13:18:09,072 INFO  vn.zalopay.phucvt.fooapp.server.RestfulAPI Starting RestfulAPI Server ...
2020-08-28 13:18:09,072 INFO  vn.zalopay.phucvt.fooapp.server.RestfulAPI Starting RestfulAPI Server ...
2020-08-28 13:18:09,073 INFO  vn.zalopay.phucvt.fooapp.server.RestfulAPI Starting RestfulAPI Server ...
2020-08-28 13:18:09,074 INFO  vn.zalopay.phucvt.fooapp.server.RestfulAPI Starting RestfulAPI Server ...
2020-08-28 13:18:09,076 INFO  vn.zalopay.phucvt.fooapp.server.RestfulAPI Starting RestfulAPI Server ...
2020-08-28 13:18:09,080 INFO  vn.zalopay.phucvt.fooapp.server.RestfulAPI Starting RestfulAPI Server ...
2020-08-28 13:18:09,081 INFO  vn.zalopay.phucvt.fooapp.server.RestfulAPI Starting RestfulAPI Server ...
2020-08-28 13:18:09,089 INFO  vn.zalopay.phucvt.fooapp.server.RestfulAPI Starting RestfulAPI Server ...
2020-08-28 13:18:09,110 INFO  vn.zalopay.phucvt.fooapp.server.RestfulAPI API Server start successfully !, port:8055
2020-08-28 13:18:09,111 INFO  vn.zalopay.phucvt.fooapp.server.RestfulAPI API Server start successfully !, port:8055
2020-08-28 13:18:09,111 INFO  vn.zalopay.phucvt.fooapp.server.RestfulAPI API Server start successfully !, port:8055
2020-08-28 13:18:09,111 INFO  vn.zalopay.phucvt.fooapp.server.RestfulAPI API Server start successfully !, port:8055
2020-08-28 13:18:09,111 INFO  vn.zalopay.phucvt.fooapp.server.RestfulAPI API Server start successfully !, port:8055
2020-08-28 13:18:09,111 INFO  vn.zalopay.phucvt.fooapp.server.RestfulAPI API Server start successfully !, port:8055
2020-08-28 13:18:09,111 INFO  vn.zalopay.phucvt.fooapp.server.RestfulAPI API Server start successfully !, port:8055
2020-08-28 13:18:09,113 INFO  vn.zalopay.phucvt.fooapp.server.RestfulAPI API Server start successfully !, port:8055
2020-08-28 13:18:12,619 INFO  vn.zalopay.phucvt.fooapp.handler.BaseHandler call handle func in abstract class.
2020-08-28 13:18:12,650 INFO  vn.zalopay.phucvt.fooapp.handler.SignUpHandler get user post data mentor
2020-08-28 13:18:12,653 INFO  vn.zalopay.phucvt.fooapp.handler.SignUpHandler Input data correct
2020-08-28 13:18:12,653 INFO  vn.zalopay.phucvt.fooapp.da.UserDAImpl select user by user name
2020-08-28 13:18:12,656 INFO  vn.zalopay.phucvt.fooapp.da.UserDAImpl end select
2020-08-28 13:18:12,656 INFO  vn.zalopay.phucvt.fooapp.handler.SignUpHandler Start insert user
2020-08-28 13:18:12,781 INFO  vn.zalopay.phucvt.fooapp.handler.SignUpHandler Block insert user
2020-08-28 13:18:12,789 INFO  vn.zalopay.phucvt.fooapp.handler.SignUpHandler hashed password: $2a$05$LeKZniQtyzShUkCJTZ0xnehTU.qvqntFk2.9G9GZDA88zKMfa5i1e
2020-08-28 13:18:12,805 INFO  vn.zalopay.phucvt.fooapp.da.UserDAImpl insert user
2020-08-28 13:18:12,808 INFO  vn.zalopay.phucvt.fooapp.da.BaseTransactionDA affectedRow: 1
2020-08-28 13:18:12,809 INFO  vn.zalopay.phucvt.fooapp.da.UserDAImpl insert user done
2020-08-28 13:18:12,846 INFO  vn.zalopay.phucvt.fooapp.handler.SignUpHandler insert success with mentor
2020-08-28 13:18:12,849 INFO  vn.zalopay.phucvt.fooapp.handler.SignUpHandler transaction commit
2020-08-28 13:19:58,531 INFO  vn.zalopay.phucvt.fooapp.handler.BaseHandler call handle func in abstract class.
2020-08-28 13:19:58,532 INFO  vn.zalopay.phucvt.fooapp.handler.SignUpHandler get user post data mentor
2020-08-28 13:19:58,532 INFO  vn.zalopay.phucvt.fooapp.handler.SignUpHandler Input data correct
2020-08-28 13:19:58,532 INFO  vn.zalopay.phucvt.fooapp.da.UserDAImpl select user by user name
2020-08-28 13:19:58,532 INFO  vn.zalopay.phucvt.fooapp.da.UserDAImpl end select
2020-08-28 13:19:58,532 INFO  vn.zalopay.phucvt.fooapp.handler.SignUpHandler Start insert user
2020-08-28 13:20:58,018 INFO  com.zaxxer.hikari.HikariDataSource HikariPool-1 - Starting...
2020-08-28 13:20:58,219 INFO  com.zaxxer.hikari.HikariDataSource HikariPool-1 - Start completed.
2020-08-28 13:20:58,220 INFO  com.zaxxer.hikari.HikariDataSource HikariPool-2 - Starting...
2020-08-28 13:20:58,228 INFO  com.zaxxer.hikari.HikariDataSource HikariPool-2 - Start completed.
2020-08-28 13:20:58,613 INFO  org.redisson.Version Redisson 3.11.6
2020-08-28 13:20:58,750 INFO  org.redisson.connection.pool.MasterPubSubConnectionPool 1 connections initialized for 127.0.0.1/127.0.0.1:6379
2020-08-28 13:20:58,751 INFO  org.redisson.connection.pool.MasterConnectionPool 24 connections initialized for 127.0.0.1/127.0.0.1:6379
2020-08-28 13:20:58,796 INFO  vn.zalopay.phucvt.fooapp.server.RestfulAPI Starting RestfulAPI Server ...
2020-08-28 13:20:58,796 INFO  vn.zalopay.phucvt.fooapp.server.RestfulAPI Starting RestfulAPI Server ...
2020-08-28 13:20:58,796 INFO  vn.zalopay.phucvt.fooapp.server.RestfulAPI Starting RestfulAPI Server ...
2020-08-28 13:20:58,797 INFO  vn.zalopay.phucvt.fooapp.server.RestfulAPI Starting RestfulAPI Server ...
2020-08-28 13:20:58,798 INFO  vn.zalopay.phucvt.fooapp.server.RestfulAPI Starting RestfulAPI Server ...
2020-08-28 13:20:58,799 INFO  vn.zalopay.phucvt.fooapp.server.RestfulAPI Starting RestfulAPI Server ...
2020-08-28 13:20:58,799 INFO  vn.zalopay.phucvt.fooapp.server.RestfulAPI Starting RestfulAPI Server ...
2020-08-28 13:20:58,800 INFO  vn.zalopay.phucvt.fooapp.server.RestfulAPI Starting RestfulAPI Server ...
2020-08-28 13:20:58,835 INFO  vn.zalopay.phucvt.fooapp.server.RestfulAPI API Server start successfully !, port:8055
2020-08-28 13:20:58,836 INFO  vn.zalopay.phucvt.fooapp.server.RestfulAPI API Server start successfully !, port:8055
2020-08-28 13:20:58,836 INFO  vn.zalopay.phucvt.fooapp.server.RestfulAPI API Server start successfully !, port:8055
2020-08-28 13:20:58,836 INFO  vn.zalopay.phucvt.fooapp.server.RestfulAPI API Server start successfully !, port:8055
2020-08-28 13:20:58,837 INFO  vn.zalopay.phucvt.fooapp.server.RestfulAPI API Server start successfully !, port:8055
2020-08-28 13:20:58,837 INFO  vn.zalopay.phucvt.fooapp.server.RestfulAPI API Server start successfully !, port:8055
2020-08-28 13:20:58,837 INFO  vn.zalopay.phucvt.fooapp.server.RestfulAPI API Server start successfully !, port:8055
2020-08-28 13:20:58,837 INFO  vn.zalopay.phucvt.fooapp.server.RestfulAPI API Server start successfully !, port:8055
2020-08-28 13:22:30,168 INFO  vn.zalopay.phucvt.fooapp.handler.BaseHandler call handle func in abstract class.
2020-08-28 13:22:30,204 INFO  vn.zalopay.phucvt.fooapp.da.UserDAImpl select user by user name
2020-08-28 13:22:30,218 INFO  vn.zalopay.phucvt.fooapp.da.UserDAImpl end select
2020-08-28 13:52:11,343 INFO  com.zaxxer.hikari.HikariDataSource HikariPool-1 - Starting...
2020-08-28 13:52:11,494 INFO  com.zaxxer.hikari.HikariDataSource HikariPool-1 - Start completed.
2020-08-28 13:52:11,495 INFO  com.zaxxer.hikari.HikariDataSource HikariPool-2 - Starting...
2020-08-28 13:52:11,502 INFO  com.zaxxer.hikari.HikariDataSource HikariPool-2 - Start completed.
2020-08-28 13:52:11,826 INFO  org.redisson.Version Redisson 3.11.6
2020-08-28 13:52:11,966 INFO  org.redisson.connection.pool.MasterPubSubConnectionPool 1 connections initialized for 127.0.0.1/127.0.0.1:6379
2020-08-28 13:52:11,968 INFO  org.redisson.connection.pool.MasterConnectionPool 24 connections initialized for 127.0.0.1/127.0.0.1:6379
2020-08-28 13:52:12,015 INFO  vn.zalopay.phucvt.fooapp.server.RestfulAPI Starting RestfulAPI Server ...
2020-08-28 13:52:12,015 INFO  vn.zalopay.phucvt.fooapp.server.RestfulAPI Starting RestfulAPI Server ...
2020-08-28 13:52:12,016 INFO  vn.zalopay.phucvt.fooapp.server.RestfulAPI Starting RestfulAPI Server ...
2020-08-28 13:52:12,017 INFO  vn.zalopay.phucvt.fooapp.server.RestfulAPI Starting RestfulAPI Server ...
2020-08-28 13:52:12,032 INFO  vn.zalopay.phucvt.fooapp.server.RestfulAPI Starting RestfulAPI Server ...
2020-08-28 13:52:12,032 INFO  vn.zalopay.phucvt.fooapp.server.RestfulAPI Starting RestfulAPI Server ...
2020-08-28 13:52:12,033 INFO  vn.zalopay.phucvt.fooapp.server.RestfulAPI Starting RestfulAPI Server ...
2020-08-28 13:52:12,033 INFO  vn.zalopay.phucvt.fooapp.server.RestfulAPI Starting RestfulAPI Server ...
2020-08-28 13:52:12,049 INFO  vn.zalopay.phucvt.fooapp.server.RestfulAPI API Server start successfully !, port:8055
2020-08-28 13:52:12,049 INFO  vn.zalopay.phucvt.fooapp.server.RestfulAPI API Server start successfully !, port:8055
2020-08-28 13:52:12,049 INFO  vn.zalopay.phucvt.fooapp.server.RestfulAPI API Server start successfully !, port:8055
2020-08-28 13:52:12,049 INFO  vn.zalopay.phucvt.fooapp.server.RestfulAPI API Server start successfully !, port:8055
2020-08-28 13:52:12,050 INFO  vn.zalopay.phucvt.fooapp.server.RestfulAPI API Server start successfully !, port:8055
2020-08-28 13:52:12,050 INFO  vn.zalopay.phucvt.fooapp.server.RestfulAPI API Server start successfully !, port:8055
2020-08-28 13:52:12,050 INFO  vn.zalopay.phucvt.fooapp.server.RestfulAPI API Server start successfully !, port:8055
2020-08-28 13:52:12,050 INFO  vn.zalopay.phucvt.fooapp.server.RestfulAPI API Server start successfully !, port:8055
2020-08-28 13:52:21,304 INFO  vn.zalopay.phucvt.fooapp.handler.BaseHandler call handle func in abstract class.
2020-08-28 13:52:21,337 INFO  vn.zalopay.phucvt.fooapp.handler.SignUpHandler get user post data mentor
2020-08-28 13:52:21,341 INFO  vn.zalopay.phucvt.fooapp.handler.SignUpHandler Input data correct
2020-08-28 13:52:21,341 INFO  vn.zalopay.phucvt.fooapp.da.UserDAImpl select user by user name
2020-08-28 13:52:21,343 INFO  vn.zalopay.phucvt.fooapp.da.UserDAImpl end select
2020-08-28 13:52:21,343 INFO  vn.zalopay.phucvt.fooapp.handler.SignUpHandler Start insert user
2020-08-28 13:53:15,997 INFO  vn.zalopay.phucvt.fooapp.handler.BaseHandler call handle func in abstract class.
2020-08-28 13:53:15,997 INFO  vn.zalopay.phucvt.fooapp.da.UserDAImpl select user by user name
2020-08-28 13:53:15,998 INFO  vn.zalopay.phucvt.fooapp.da.UserDAImpl end select
2020-08-28 15:11:20,440 INFO  com.zaxxer.hikari.HikariDataSource HikariPool-1 - Starting...
2020-08-28 15:11:20,627 INFO  com.zaxxer.hikari.HikariDataSource HikariPool-1 - Start completed.
2020-08-28 15:11:20,628 INFO  com.zaxxer.hikari.HikariDataSource HikariPool-2 - Starting...
2020-08-28 15:11:20,636 INFO  com.zaxxer.hikari.HikariDataSource HikariPool-2 - Start completed.
2020-08-28 15:11:20,995 INFO  org.redisson.Version Redisson 3.11.6
2020-08-28 15:11:21,304 INFO  org.redisson.connection.pool.MasterPubSubConnectionPool 1 connections initialized for 127.0.0.1/127.0.0.1:6379
2020-08-28 15:11:21,313 INFO  org.redisson.connection.pool.MasterConnectionPool 24 connections initialized for 127.0.0.1/127.0.0.1:6379
2020-08-28 15:11:21,417 INFO  vn.zalopay.phucvt.fooapp.server.RestfulAPI Starting RestfulAPI Server ...
2020-08-28 15:11:21,422 INFO  vn.zalopay.phucvt.fooapp.server.RestfulAPI Starting RestfulAPI Server ...
2020-08-28 15:11:21,424 INFO  vn.zalopay.phucvt.fooapp.server.RestfulAPI Starting RestfulAPI Server ...
2020-08-28 15:11:21,426 INFO  vn.zalopay.phucvt.fooapp.server.RestfulAPI Starting RestfulAPI Server ...
2020-08-28 15:11:21,436 INFO  vn.zalopay.phucvt.fooapp.server.RestfulAPI Starting RestfulAPI Server ...
2020-08-28 15:11:21,438 INFO  vn.zalopay.phucvt.fooapp.server.RestfulAPI Starting RestfulAPI Server ...
2020-08-28 15:11:21,452 INFO  vn.zalopay.phucvt.fooapp.server.RestfulAPI Starting RestfulAPI Server ...
2020-08-28 15:11:21,453 INFO  vn.zalopay.phucvt.fooapp.server.RestfulAPI Starting RestfulAPI Server ...
2020-08-28 15:11:21,466 INFO  vn.zalopay.phucvt.fooapp.server.RestfulAPI API Server start successfully !, port:8055
2020-08-28 15:11:21,466 INFO  vn.zalopay.phucvt.fooapp.server.RestfulAPI API Server start successfully !, port:8055
2020-08-28 15:11:21,466 INFO  vn.zalopay.phucvt.fooapp.server.RestfulAPI API Server start successfully !, port:8055
2020-08-28 15:11:21,467 INFO  vn.zalopay.phucvt.fooapp.server.RestfulAPI API Server start successfully !, port:8055
2020-08-28 15:11:21,467 INFO  vn.zalopay.phucvt.fooapp.server.RestfulAPI API Server start successfully !, port:8055
2020-08-28 15:11:21,467 INFO  vn.zalopay.phucvt.fooapp.server.RestfulAPI API Server start successfully !, port:8055
2020-08-28 15:11:21,467 INFO  vn.zalopay.phucvt.fooapp.server.RestfulAPI API Server start successfully !, port:8055
2020-08-28 15:11:21,467 INFO  vn.zalopay.phucvt.fooapp.server.RestfulAPI API Server start successfully !, port:8055
2020-08-28 15:12:44,364 INFO  com.zaxxer.hikari.HikariDataSource HikariPool-1 - Starting...
2020-08-28 15:12:44,551 INFO  com.zaxxer.hikari.HikariDataSource HikariPool-1 - Start completed.
2020-08-28 15:12:44,553 INFO  com.zaxxer.hikari.HikariDataSource HikariPool-2 - Starting...
2020-08-28 15:12:44,561 INFO  com.zaxxer.hikari.HikariDataSource HikariPool-2 - Start completed.
2020-08-28 15:12:45,068 INFO  org.redisson.Version Redisson 3.11.6
2020-08-28 15:12:45,255 INFO  org.redisson.connection.pool.MasterConnectionPool 24 connections initialized for 127.0.0.1/127.0.0.1:6379
2020-08-28 15:12:45,256 INFO  org.redisson.connection.pool.MasterPubSubConnectionPool 1 connections initialized for 127.0.0.1/127.0.0.1:6379
2020-08-28 15:12:45,307 INFO  vn.zalopay.phucvt.fooapp.server.RestfulAPI Starting RestfulAPI Server ...
2020-08-28 15:12:45,308 INFO  vn.zalopay.phucvt.fooapp.server.RestfulAPI Starting RestfulAPI Server ...
2020-08-28 15:12:45,312 INFO  vn.zalopay.phucvt.fooapp.server.RestfulAPI Starting RestfulAPI Server ...
2020-08-28 15:12:45,314 INFO  vn.zalopay.phucvt.fooapp.server.RestfulAPI Starting RestfulAPI Server ...
2020-08-28 15:12:45,320 INFO  vn.zalopay.phucvt.fooapp.server.RestfulAPI Starting RestfulAPI Server ...
2020-08-28 15:12:45,330 INFO  vn.zalopay.phucvt.fooapp.server.RestfulAPI Starting RestfulAPI Server ...
2020-08-28 15:12:45,336 INFO  vn.zalopay.phucvt.fooapp.server.RestfulAPI Starting RestfulAPI Server ...
2020-08-28 15:12:45,343 INFO  vn.zalopay.phucvt.fooapp.server.RestfulAPI Starting RestfulAPI Server ...
2020-08-28 15:12:45,353 INFO  vn.zalopay.phucvt.fooapp.server.RestfulAPI API Server start successfully !, port:8055
2020-08-28 15:12:45,353 INFO  vn.zalopay.phucvt.fooapp.server.RestfulAPI API Server start successfully !, port:8055
2020-08-28 15:12:45,354 INFO  vn.zalopay.phucvt.fooapp.server.RestfulAPI API Server start successfully !, port:8055
2020-08-28 15:12:45,354 INFO  vn.zalopay.phucvt.fooapp.server.RestfulAPI API Server start successfully !, port:8055
2020-08-28 15:12:45,354 INFO  vn.zalopay.phucvt.fooapp.server.RestfulAPI API Server start successfully !, port:8055
2020-08-28 15:12:45,354 INFO  vn.zalopay.phucvt.fooapp.server.RestfulAPI API Server start successfully !, port:8055
2020-08-28 15:12:45,354 INFO  vn.zalopay.phucvt.fooapp.server.RestfulAPI API Server start successfully !, port:8055
2020-08-28 15:12:45,354 INFO  vn.zalopay.phucvt.fooapp.server.RestfulAPI API Server start successfully !, port:8055
2020-08-28 15:19:49,392 INFO  com.zaxxer.hikari.HikariDataSource HikariPool-1 - Starting...
2020-08-28 15:19:49,545 INFO  com.zaxxer.hikari.HikariDataSource HikariPool-1 - Start completed.
2020-08-28 15:19:49,545 INFO  com.zaxxer.hikari.HikariDataSource HikariPool-2 - Starting...
2020-08-28 15:19:49,552 INFO  com.zaxxer.hikari.HikariDataSource HikariPool-2 - Start completed.
2020-08-28 15:19:49,848 INFO  org.redisson.Version Redisson 3.11.6
2020-08-28 15:19:49,961 INFO  org.redisson.connection.pool.MasterConnectionPool 24 connections initialized for 127.0.0.1/127.0.0.1:6379
2020-08-28 15:19:49,963 INFO  org.redisson.connection.pool.MasterPubSubConnectionPool 1 connections initialized for 127.0.0.1/127.0.0.1:6379
2020-08-28 15:19:50,021 INFO  vn.zalopay.phucvt.fooapp.server.RestfulAPI Starting RestfulAPI Server ...
2020-08-28 15:19:50,024 INFO  vn.zalopay.phucvt.fooapp.server.RestfulAPI Starting RestfulAPI Server ...
2020-08-28 15:19:50,025 INFO  vn.zalopay.phucvt.fooapp.server.RestfulAPI Starting RestfulAPI Server ...
2020-08-28 15:19:50,029 INFO  vn.zalopay.phucvt.fooapp.server.RestfulAPI Starting RestfulAPI Server ...
2020-08-28 15:19:50,030 INFO  vn.zalopay.phucvt.fooapp.server.RestfulAPI Starting RestfulAPI Server ...
2020-08-28 15:19:50,030 INFO  vn.zalopay.phucvt.fooapp.server.RestfulAPI Starting RestfulAPI Server ...
2020-08-28 15:19:50,031 INFO  vn.zalopay.phucvt.fooapp.server.RestfulAPI Starting RestfulAPI Server ...
2020-08-28 15:19:50,031 INFO  vn.zalopay.phucvt.fooapp.server.RestfulAPI Starting RestfulAPI Server ...
2020-08-28 15:19:50,057 INFO  vn.zalopay.phucvt.fooapp.server.RestfulAPI API Server start successfully !, port:8055
2020-08-28 15:19:50,057 INFO  vn.zalopay.phucvt.fooapp.server.RestfulAPI API Server start successfully !, port:8055
2020-08-28 15:19:50,057 INFO  vn.zalopay.phucvt.fooapp.server.RestfulAPI API Server start successfully !, port:8055
2020-08-28 15:19:50,057 INFO  vn.zalopay.phucvt.fooapp.server.RestfulAPI API Server start successfully !, port:8055
2020-08-28 15:19:50,057 INFO  vn.zalopay.phucvt.fooapp.server.RestfulAPI API Server start successfully !, port:8055
2020-08-28 15:19:50,057 INFO  vn.zalopay.phucvt.fooapp.server.RestfulAPI API Server start successfully !, port:8055
2020-08-28 15:19:50,058 INFO  vn.zalopay.phucvt.fooapp.server.RestfulAPI API Server start successfully !, port:8055
2020-08-28 15:19:50,058 INFO  vn.zalopay.phucvt.fooapp.server.RestfulAPI API Server start successfully !, port:8055
2020-08-28 15:21:33,637 INFO  vn.zalopay.phucvt.fooapp.handler.BaseHandler call handle func in abstract class.
2020-08-28 15:21:33,638 INFO  vn.zalopay.phucvt.fooapp.handler.SignOutHandler get token: GciOiJIUzI1NiJ9.eyJ1c2VySWQiOm51bGwsImlhdCI6MTU5ODU5NTc1MCwiZXhwIjoxNTk4NzcwMzUwfQ.NpasytrRezqqn2IKlK7L99-2sGQVwCEApiDRu8BwBCc
2020-08-28 15:22:26,291 INFO  vn.zalopay.phucvt.fooapp.handler.BaseHandler call handle func in abstract class.
2020-08-28 15:22:39,907 INFO  com.zaxxer.hikari.HikariDataSource HikariPool-1 - Starting...
2020-08-28 15:22:40,058 INFO  com.zaxxer.hikari.HikariDataSource HikariPool-1 - Start completed.
2020-08-28 15:22:40,059 INFO  com.zaxxer.hikari.HikariDataSource HikariPool-2 - Starting...
2020-08-28 15:22:40,066 INFO  com.zaxxer.hikari.HikariDataSource HikariPool-2 - Start completed.
2020-08-28 15:22:40,368 INFO  org.redisson.Version Redisson 3.11.6
2020-08-28 15:22:40,556 INFO  org.redisson.connection.pool.MasterPubSubConnectionPool 1 connections initialized for 127.0.0.1/127.0.0.1:6379
2020-08-28 15:22:40,558 INFO  org.redisson.connection.pool.MasterConnectionPool 24 connections initialized for 127.0.0.1/127.0.0.1:6379
2020-08-28 15:22:40,602 INFO  vn.zalopay.phucvt.fooapp.server.RestfulAPI Starting RestfulAPI Server ...
2020-08-28 15:22:40,604 INFO  vn.zalopay.phucvt.fooapp.server.RestfulAPI Starting RestfulAPI Server ...
2020-08-28 15:22:40,612 INFO  vn.zalopay.phucvt.fooapp.server.RestfulAPI Starting RestfulAPI Server ...
2020-08-28 15:22:40,616 INFO  vn.zalopay.phucvt.fooapp.server.RestfulAPI Starting RestfulAPI Server ...
2020-08-28 15:22:40,625 INFO  vn.zalopay.phucvt.fooapp.server.RestfulAPI Starting RestfulAPI Server ...
2020-08-28 15:22:40,618 INFO  vn.zalopay.phucvt.fooapp.server.RestfulAPI Starting RestfulAPI Server ...
2020-08-28 15:22:40,632 INFO  vn.zalopay.phucvt.fooapp.server.RestfulAPI Starting RestfulAPI Server ...
2020-08-28 15:22:40,637 INFO  vn.zalopay.phucvt.fooapp.server.RestfulAPI API Server start successfully !, port:8055
2020-08-28 15:22:40,637 INFO  vn.zalopay.phucvt.fooapp.server.RestfulAPI API Server start successfully !, port:8055
2020-08-28 15:22:40,637 INFO  vn.zalopay.phucvt.fooapp.server.RestfulAPI API Server start successfully !, port:8055
2020-08-28 15:22:40,637 INFO  vn.zalopay.phucvt.fooapp.server.RestfulAPI API Server start successfully !, port:8055
2020-08-28 15:22:40,637 INFO  vn.zalopay.phucvt.fooapp.server.RestfulAPI API Server start successfully !, port:8055
2020-08-28 15:22:40,638 INFO  vn.zalopay.phucvt.fooapp.server.RestfulAPI API Server start successfully !, port:8055
2020-08-28 15:22:40,638 INFO  vn.zalopay.phucvt.fooapp.server.RestfulAPI API Server start successfully !, port:8055
2020-08-28 15:22:40,640 INFO  vn.zalopay.phucvt.fooapp.server.RestfulAPI Starting RestfulAPI Server ...
2020-08-28 15:22:40,641 INFO  vn.zalopay.phucvt.fooapp.server.RestfulAPI API Server start successfully !, port:8055
2020-08-28 15:22:47,738 INFO  vn.zalopay.phucvt.fooapp.handler.BaseHandler call handle func in abstract class.
2020-08-28 15:37:08,539 INFO  com.zaxxer.hikari.HikariDataSource HikariPool-1 - Starting...
2020-08-28 15:37:08,692 INFO  com.zaxxer.hikari.HikariDataSource HikariPool-1 - Start completed.
2020-08-28 15:37:08,693 INFO  com.zaxxer.hikari.HikariDataSource HikariPool-2 - Starting...
2020-08-28 15:37:08,703 INFO  com.zaxxer.hikari.HikariDataSource HikariPool-2 - Start completed.
2020-08-28 15:37:09,017 INFO  org.redisson.Version Redisson 3.11.6
2020-08-28 15:37:09,200 INFO  org.redisson.connection.pool.MasterConnectionPool 24 connections initialized for 127.0.0.1/127.0.0.1:6379
2020-08-28 15:37:09,207 INFO  org.redisson.connection.pool.MasterPubSubConnectionPool 1 connections initialized for 127.0.0.1/127.0.0.1:6379
2020-08-28 15:37:09,251 INFO  vn.zalopay.phucvt.fooapp.server.RestfulAPI Starting RestfulAPI Server ...
2020-08-28 15:37:09,256 INFO  vn.zalopay.phucvt.fooapp.server.RestfulAPI Starting RestfulAPI Server ...
2020-08-28 15:37:09,263 INFO  vn.zalopay.phucvt.fooapp.server.RestfulAPI Starting RestfulAPI Server ...
2020-08-28 15:37:09,264 INFO  vn.zalopay.phucvt.fooapp.server.RestfulAPI Starting RestfulAPI Server ...
2020-08-28 15:37:09,264 INFO  vn.zalopay.phucvt.fooapp.server.RestfulAPI Starting RestfulAPI Server ...
2020-08-28 15:37:09,265 INFO  vn.zalopay.phucvt.fooapp.server.RestfulAPI Starting RestfulAPI Server ...
2020-08-28 15:37:09,265 INFO  vn.zalopay.phucvt.fooapp.server.RestfulAPI Starting RestfulAPI Server ...
2020-08-28 15:37:09,268 INFO  vn.zalopay.phucvt.fooapp.server.RestfulAPI Starting RestfulAPI Server ...
2020-08-28 15:37:09,281 INFO  vn.zalopay.phucvt.fooapp.server.RestfulAPI API Server start successfully !, port:8055
2020-08-28 15:37:09,281 INFO  vn.zalopay.phucvt.fooapp.server.RestfulAPI API Server start successfully !, port:8055
2020-08-28 15:37:09,281 INFO  vn.zalopay.phucvt.fooapp.server.RestfulAPI API Server start successfully !, port:8055
2020-08-28 15:37:09,281 INFO  vn.zalopay.phucvt.fooapp.server.RestfulAPI API Server start successfully !, port:8055
2020-08-28 15:37:09,281 INFO  vn.zalopay.phucvt.fooapp.server.RestfulAPI API Server start successfully !, port:8055
2020-08-28 15:37:09,282 INFO  vn.zalopay.phucvt.fooapp.server.RestfulAPI API Server start successfully !, port:8055
2020-08-28 15:37:09,282 INFO  vn.zalopay.phucvt.fooapp.server.RestfulAPI API Server start successfully !, port:8055
2020-08-28 15:37:09,282 INFO  vn.zalopay.phucvt.fooapp.server.RestfulAPI API Server start successfully !, port:8055
2020-08-28 15:37:13,584 INFO  vn.zalopay.phucvt.fooapp.handler.BaseHandler call handle func in abstract class.
2020-08-28 15:38:08,143 INFO  com.zaxxer.hikari.HikariDataSource HikariPool-1 - Starting...
2020-08-28 15:38:08,296 INFO  com.zaxxer.hikari.HikariDataSource HikariPool-1 - Start completed.
2020-08-28 15:38:08,297 INFO  com.zaxxer.hikari.HikariDataSource HikariPool-2 - Starting...
2020-08-28 15:38:08,304 INFO  com.zaxxer.hikari.HikariDataSource HikariPool-2 - Start completed.
2020-08-28 15:38:08,596 INFO  org.redisson.Version Redisson 3.11.6
2020-08-28 15:38:08,769 INFO  org.redisson.connection.pool.MasterPubSubConnectionPool 1 connections initialized for 127.0.0.1/127.0.0.1:6379
2020-08-28 15:38:08,773 INFO  org.redisson.connection.pool.MasterConnectionPool 24 connections initialized for 127.0.0.1/127.0.0.1:6379
2020-08-28 15:38:08,821 INFO  vn.zalopay.phucvt.fooapp.server.RestfulAPI Starting RestfulAPI Server ...
2020-08-28 15:38:08,821 INFO  vn.zalopay.phucvt.fooapp.server.RestfulAPI Starting RestfulAPI Server ...
2020-08-28 15:38:08,823 INFO  vn.zalopay.phucvt.fooapp.server.RestfulAPI Starting RestfulAPI Server ...
2020-08-28 15:38:08,824 INFO  vn.zalopay.phucvt.fooapp.server.RestfulAPI Starting RestfulAPI Server ...
2020-08-28 15:38:08,827 INFO  vn.zalopay.phucvt.fooapp.server.RestfulAPI Starting RestfulAPI Server ...
2020-08-28 15:38:08,836 INFO  vn.zalopay.phucvt.fooapp.server.RestfulAPI Starting RestfulAPI Server ...
2020-08-28 15:38:08,836 INFO  vn.zalopay.phucvt.fooapp.server.RestfulAPI Starting RestfulAPI Server ...
2020-08-28 15:38:08,840 INFO  vn.zalopay.phucvt.fooapp.server.RestfulAPI Starting RestfulAPI Server ...
2020-08-28 15:38:08,850 INFO  vn.zalopay.phucvt.fooapp.server.RestfulAPI API Server start successfully !, port:8055
2020-08-28 15:38:08,850 INFO  vn.zalopay.phucvt.fooapp.server.RestfulAPI API Server start successfully !, port:8055
2020-08-28 15:38:08,850 INFO  vn.zalopay.phucvt.fooapp.server.RestfulAPI API Server start successfully !, port:8055
2020-08-28 15:38:08,851 INFO  vn.zalopay.phucvt.fooapp.server.RestfulAPI API Server start successfully !, port:8055
2020-08-28 15:38:08,851 INFO  vn.zalopay.phucvt.fooapp.server.RestfulAPI API Server start successfully !, port:8055
2020-08-28 15:38:08,851 INFO  vn.zalopay.phucvt.fooapp.server.RestfulAPI API Server start successfully !, port:8055
2020-08-28 15:38:08,851 INFO  vn.zalopay.phucvt.fooapp.server.RestfulAPI API Server start successfully !, port:8055
2020-08-28 15:38:08,851 INFO  vn.zalopay.phucvt.fooapp.server.RestfulAPI API Server start successfully !, port:8055
2020-08-28 15:38:12,297 INFO  vn.zalopay.phucvt.fooapp.handler.BaseHandler call handle func in abstract class.
2020-08-28 15:38:12,298 INFO  vn.zalopay.phucvt.fooapp.handler.BaseHandler got headers
2020-08-28 15:38:54,220 INFO  com.zaxxer.hikari.HikariDataSource HikariPool-1 - Starting...
2020-08-28 15:38:54,373 INFO  com.zaxxer.hikari.HikariDataSource HikariPool-1 - Start completed.
2020-08-28 15:38:54,374 INFO  com.zaxxer.hikari.HikariDataSource HikariPool-2 - Starting...
2020-08-28 15:38:54,382 INFO  com.zaxxer.hikari.HikariDataSource HikariPool-2 - Start completed.
2020-08-28 15:38:54,675 INFO  org.redisson.Version Redisson 3.11.6
2020-08-28 15:38:54,851 INFO  org.redisson.connection.pool.MasterConnectionPool 24 connections initialized for 127.0.0.1/127.0.0.1:6379
2020-08-28 15:38:54,857 INFO  org.redisson.connection.pool.MasterPubSubConnectionPool 1 connections initialized for 127.0.0.1/127.0.0.1:6379
2020-08-28 15:38:54,909 INFO  vn.zalopay.phucvt.fooapp.server.RestfulAPI Starting RestfulAPI Server ...
2020-08-28 15:38:54,912 INFO  vn.zalopay.phucvt.fooapp.server.RestfulAPI Starting RestfulAPI Server ...
2020-08-28 15:38:54,915 INFO  vn.zalopay.phucvt.fooapp.server.RestfulAPI Starting RestfulAPI Server ...
2020-08-28 15:38:54,916 INFO  vn.zalopay.phucvt.fooapp.server.RestfulAPI Starting RestfulAPI Server ...
2020-08-28 15:38:54,918 INFO  vn.zalopay.phucvt.fooapp.server.RestfulAPI Starting RestfulAPI Server ...
2020-08-28 15:38:54,918 INFO  vn.zalopay.phucvt.fooapp.server.RestfulAPI Starting RestfulAPI Server ...
2020-08-28 15:38:54,919 INFO  vn.zalopay.phucvt.fooapp.server.RestfulAPI Starting RestfulAPI Server ...
2020-08-28 15:38:54,920 INFO  vn.zalopay.phucvt.fooapp.server.RestfulAPI Starting RestfulAPI Server ...
2020-08-28 15:38:54,939 INFO  vn.zalopay.phucvt.fooapp.server.RestfulAPI API Server start successfully !, port:8055
2020-08-28 15:38:54,939 INFO  vn.zalopay.phucvt.fooapp.server.RestfulAPI API Server start successfully !, port:8055
2020-08-28 15:38:54,939 INFO  vn.zalopay.phucvt.fooapp.server.RestfulAPI API Server start successfully !, port:8055
2020-08-28 15:38:54,939 INFO  vn.zalopay.phucvt.fooapp.server.RestfulAPI API Server start successfully !, port:8055
2020-08-28 15:38:54,940 INFO  vn.zalopay.phucvt.fooapp.server.RestfulAPI API Server start successfully !, port:8055
2020-08-28 15:38:54,940 INFO  vn.zalopay.phucvt.fooapp.server.RestfulAPI API Server start successfully !, port:8055
2020-08-28 15:38:54,940 INFO  vn.zalopay.phucvt.fooapp.server.RestfulAPI API Server start successfully !, port:8055
2020-08-28 15:38:54,940 INFO  vn.zalopay.phucvt.fooapp.server.RestfulAPI API Server start successfully !, port:8055
2020-08-28 15:39:00,197 INFO  vn.zalopay.phucvt.fooapp.handler.BaseHandler call handle func in abstract class.
2020-08-28 15:39:00,198 INFO  vn.zalopay.phucvt.fooapp.handler.SignOutHandler sign out
2020-08-28 15:40:24,971 INFO  com.zaxxer.hikari.HikariDataSource HikariPool-1 - Starting...
2020-08-28 15:40:25,177 INFO  com.zaxxer.hikari.HikariDataSource HikariPool-1 - Start completed.
2020-08-28 15:40:25,178 INFO  com.zaxxer.hikari.HikariDataSource HikariPool-2 - Starting...
2020-08-28 15:40:25,190 INFO  com.zaxxer.hikari.HikariDataSource HikariPool-2 - Start completed.
2020-08-28 15:40:25,607 INFO  org.redisson.Version Redisson 3.11.6
2020-08-28 15:40:25,776 INFO  org.redisson.connection.pool.MasterConnectionPool 24 connections initialized for 127.0.0.1/127.0.0.1:6379
2020-08-28 15:40:25,778 INFO  org.redisson.connection.pool.MasterPubSubConnectionPool 1 connections initialized for 127.0.0.1/127.0.0.1:6379
2020-08-28 15:40:25,823 INFO  vn.zalopay.phucvt.fooapp.server.RestfulAPI Starting RestfulAPI Server ...
2020-08-28 15:40:25,836 INFO  vn.zalopay.phucvt.fooapp.server.RestfulAPI Starting RestfulAPI Server ...
2020-08-28 15:40:25,838 INFO  vn.zalopay.phucvt.fooapp.server.RestfulAPI Starting RestfulAPI Server ...
2020-08-28 15:40:25,844 INFO  vn.zalopay.phucvt.fooapp.server.RestfulAPI Starting RestfulAPI Server ...
2020-08-28 15:40:25,856 INFO  vn.zalopay.phucvt.fooapp.server.RestfulAPI Starting RestfulAPI Server ...
2020-08-28 15:40:25,861 INFO  vn.zalopay.phucvt.fooapp.server.RestfulAPI Starting RestfulAPI Server ...
2020-08-28 15:40:25,861 INFO  vn.zalopay.phucvt.fooapp.server.RestfulAPI Starting RestfulAPI Server ...
2020-08-28 15:40:25,875 INFO  vn.zalopay.phucvt.fooapp.server.RestfulAPI Starting RestfulAPI Server ...
2020-08-28 15:40:25,880 INFO  vn.zalopay.phucvt.fooapp.server.RestfulAPI API Server start successfully !, port:8055
2020-08-28 15:40:25,880 INFO  vn.zalopay.phucvt.fooapp.server.RestfulAPI API Server start successfully !, port:8055
2020-08-28 15:40:25,880 INFO  vn.zalopay.phucvt.fooapp.server.RestfulAPI API Server start successfully !, port:8055
2020-08-28 15:40:25,880 INFO  vn.zalopay.phucvt.fooapp.server.RestfulAPI API Server start successfully !, port:8055
2020-08-28 15:40:25,881 INFO  vn.zalopay.phucvt.fooapp.server.RestfulAPI API Server start successfully !, port:8055
2020-08-28 15:40:25,881 INFO  vn.zalopay.phucvt.fooapp.server.RestfulAPI API Server start successfully !, port:8055
2020-08-28 15:40:25,881 INFO  vn.zalopay.phucvt.fooapp.server.RestfulAPI API Server start successfully !, port:8055
2020-08-28 15:40:25,881 INFO  vn.zalopay.phucvt.fooapp.server.RestfulAPI API Server start successfully !, port:8055
2020-08-28 15:40:32,958 INFO  vn.zalopay.phucvt.fooapp.handler.BaseHandler call handle func in abstract class.
2020-08-28 15:40:32,959 INFO  vn.zalopay.phucvt.fooapp.handler.SignOutHandler sign out
2020-08-28 15:40:32,959 INFO  vn.zalopay.phucvt.fooapp.handler.SignOutHandler get token: sadfsa
2020-08-28 15:41:36,490 INFO  vn.zalopay.phucvt.fooapp.handler.BaseHandler call handle func in abstract class.
2020-08-28 15:41:36,555 INFO  vn.zalopay.phucvt.fooapp.da.UserDAImpl select user by user name
2020-08-28 15:41:36,559 INFO  vn.zalopay.phucvt.fooapp.da.UserDAImpl end select
2020-08-28 15:41:45,498 INFO  vn.zalopay.phucvt.fooapp.handler.BaseHandler call handle func in abstract class.
2020-08-28 15:41:45,499 INFO  vn.zalopay.phucvt.fooapp.handler.SignOutHandler sign out
2020-08-28 15:41:45,499 INFO  vn.zalopay.phucvt.fooapp.handler.SignOutHandler get token: eyJ0eXAiOiJKV1QiLCJhbGciOiJIUzI1NiJ9.eyJ1c2VySWQiOm51bGwsImlhdCI6MTU5ODYwNDA5NiwiZXhwIjoxNTk4Nzc4Njk2fQ.btNTrl40DdjRV_dIgum2wRqDPwjScFhFwNhXOrzyx38
2020-08-28 15:46:18,993 INFO  com.zaxxer.hikari.HikariDataSource HikariPool-1 - Starting...
2020-08-28 15:46:19,144 INFO  com.zaxxer.hikari.HikariDataSource HikariPool-1 - Start completed.
2020-08-28 15:46:19,145 INFO  com.zaxxer.hikari.HikariDataSource HikariPool-2 - Starting...
2020-08-28 15:46:19,156 INFO  com.zaxxer.hikari.HikariDataSource HikariPool-2 - Start completed.
2020-08-28 15:46:19,477 INFO  org.redisson.Version Redisson 3.11.6
2020-08-28 15:46:19,585 INFO  org.redisson.connection.pool.MasterPubSubConnectionPool 1 connections initialized for 127.0.0.1/127.0.0.1:6379
2020-08-28 15:46:19,588 INFO  org.redisson.connection.pool.MasterConnectionPool 24 connections initialized for 127.0.0.1/127.0.0.1:6379
2020-08-28 15:47:41,496 INFO  com.zaxxer.hikari.HikariDataSource HikariPool-1 - Starting...
2020-08-28 15:47:41,649 INFO  com.zaxxer.hikari.HikariDataSource HikariPool-1 - Start completed.
2020-08-28 15:47:41,650 INFO  com.zaxxer.hikari.HikariDataSource HikariPool-2 - Starting...
2020-08-28 15:47:41,657 INFO  com.zaxxer.hikari.HikariDataSource HikariPool-2 - Start completed.
2020-08-28 15:47:41,969 INFO  org.redisson.Version Redisson 3.11.6
2020-08-28 15:47:42,148 INFO  org.redisson.connection.pool.MasterPubSubConnectionPool 1 connections initialized for 127.0.0.1/127.0.0.1:6379
2020-08-28 15:47:42,153 INFO  org.redisson.connection.pool.MasterConnectionPool 24 connections initialized for 127.0.0.1/127.0.0.1:6379
2020-08-28 15:47:42,201 INFO  vn.zalopay.phucvt.fooapp.server.RestfulAPI Starting RestfulAPI Server ...
2020-08-28 15:47:42,201 INFO  vn.zalopay.phucvt.fooapp.server.RestfulAPI Starting RestfulAPI Server ...
2020-08-28 15:47:42,201 INFO  vn.zalopay.phucvt.fooapp.server.RestfulAPI Starting RestfulAPI Server ...
2020-08-28 15:47:42,202 INFO  vn.zalopay.phucvt.fooapp.server.RestfulAPI Starting RestfulAPI Server ...
2020-08-28 15:47:42,202 INFO  vn.zalopay.phucvt.fooapp.server.RestfulAPI Starting RestfulAPI Server ...
2020-08-28 15:47:42,202 INFO  vn.zalopay.phucvt.fooapp.server.RestfulAPI Starting RestfulAPI Server ...
2020-08-28 15:47:42,203 INFO  vn.zalopay.phucvt.fooapp.server.RestfulAPI Starting RestfulAPI Server ...
2020-08-28 15:47:42,208 INFO  vn.zalopay.phucvt.fooapp.server.RestfulAPI Starting RestfulAPI Server ...
2020-08-28 15:47:42,232 INFO  vn.zalopay.phucvt.fooapp.server.RestfulAPI API Server start successfully !, port:8055
2020-08-28 15:47:42,232 INFO  vn.zalopay.phucvt.fooapp.server.RestfulAPI API Server start successfully !, port:8055
2020-08-28 15:47:42,233 INFO  vn.zalopay.phucvt.fooapp.server.RestfulAPI API Server start successfully !, port:8055
2020-08-28 15:47:42,233 INFO  vn.zalopay.phucvt.fooapp.server.RestfulAPI API Server start successfully !, port:8055
2020-08-28 15:47:42,233 INFO  vn.zalopay.phucvt.fooapp.server.RestfulAPI API Server start successfully !, port:8055
2020-08-28 15:47:42,233 INFO  vn.zalopay.phucvt.fooapp.server.RestfulAPI API Server start successfully !, port:8055
2020-08-28 15:47:42,233 INFO  vn.zalopay.phucvt.fooapp.server.RestfulAPI API Server start successfully !, port:8055
2020-08-28 15:47:42,233 INFO  vn.zalopay.phucvt.fooapp.server.RestfulAPI API Server start successfully !, port:8055
2020-08-28 15:47:53,093 INFO  vn.zalopay.phucvt.fooapp.handler.BaseHandler call handle func in abstract class.
2020-08-28 15:47:53,095 INFO  vn.zalopay.phucvt.fooapp.handler.SignOutHandler sign out
2020-08-28 15:47:53,097 INFO  vn.zalopay.phucvt.fooapp.handler.SignOutHandler get token: eyJ0eXAiOiJKV1QiLCJhbGciOiJIUzI1NiJ9.eyJ1c2VySWQiOm51bGwsImlhdCI6MTU5ODYwNDA5NiwiZXhwIjoxNTk4Nzc4Njk2fQ.btNTrl40DdjRV_dIgum2wRqDPwjScFhFwNhXOrzyx38
2020-08-28 15:51:54,647 INFO  com.zaxxer.hikari.HikariDataSource HikariPool-1 - Starting...
2020-08-28 15:51:54,799 INFO  com.zaxxer.hikari.HikariDataSource HikariPool-1 - Start completed.
2020-08-28 15:51:54,800 INFO  com.zaxxer.hikari.HikariDataSource HikariPool-2 - Starting...
2020-08-28 15:51:54,808 INFO  com.zaxxer.hikari.HikariDataSource HikariPool-2 - Start completed.
2020-08-28 15:51:55,102 INFO  org.redisson.Version Redisson 3.11.6
2020-08-28 15:51:55,202 INFO  org.redisson.connection.pool.MasterConnectionPool 24 connections initialized for 127.0.0.1/127.0.0.1:6379
2020-08-28 15:51:55,203 INFO  org.redisson.connection.pool.MasterPubSubConnectionPool 1 connections initialized for 127.0.0.1/127.0.0.1:6379
2020-08-28 15:51:55,251 INFO  vn.zalopay.phucvt.fooapp.server.RestfulAPI Starting RestfulAPI Server ...
2020-08-28 15:51:55,251 INFO  vn.zalopay.phucvt.fooapp.server.RestfulAPI Starting RestfulAPI Server ...
2020-08-28 15:51:55,252 INFO  vn.zalopay.phucvt.fooapp.server.RestfulAPI Starting RestfulAPI Server ...
2020-08-28 15:51:55,256 INFO  vn.zalopay.phucvt.fooapp.server.RestfulAPI Starting RestfulAPI Server ...
2020-08-28 15:51:55,258 INFO  vn.zalopay.phucvt.fooapp.server.RestfulAPI Starting RestfulAPI Server ...
2020-08-28 15:51:55,264 INFO  vn.zalopay.phucvt.fooapp.server.RestfulAPI Starting RestfulAPI Server ...
2020-08-28 15:51:55,265 INFO  vn.zalopay.phucvt.fooapp.server.RestfulAPI Starting RestfulAPI Server ...
2020-08-28 15:51:55,277 INFO  vn.zalopay.phucvt.fooapp.server.RestfulAPI Starting RestfulAPI Server ...
2020-08-28 15:51:55,280 INFO  vn.zalopay.phucvt.fooapp.server.RestfulAPI API Server start successfully !, port:8055
2020-08-28 15:51:55,280 INFO  vn.zalopay.phucvt.fooapp.server.RestfulAPI API Server start successfully !, port:8055
2020-08-28 15:51:55,280 INFO  vn.zalopay.phucvt.fooapp.server.RestfulAPI API Server start successfully !, port:8055
2020-08-28 15:51:55,281 INFO  vn.zalopay.phucvt.fooapp.server.RestfulAPI API Server start successfully !, port:8055
2020-08-28 15:51:55,281 INFO  vn.zalopay.phucvt.fooapp.server.RestfulAPI API Server start successfully !, port:8055
2020-08-28 15:51:55,280 INFO  vn.zalopay.phucvt.fooapp.server.RestfulAPI API Server start successfully !, port:8055
2020-08-28 15:51:55,280 INFO  vn.zalopay.phucvt.fooapp.server.RestfulAPI API Server start successfully !, port:8055
2020-08-28 15:51:55,282 INFO  vn.zalopay.phucvt.fooapp.server.RestfulAPI API Server start successfully !, port:8055
2020-08-28 15:52:04,662 INFO  vn.zalopay.phucvt.fooapp.handler.BaseHandler call handle func in abstract class.
2020-08-28 15:52:04,662 INFO  vn.zalopay.phucvt.fooapp.handler.SignOutHandler sign out
2020-08-28 15:52:04,664 INFO  vn.zalopay.phucvt.fooapp.handler.SignOutHandler get token: eyJ0eXAiOiJKV1QiLCJhbGciOiJIUzI1NiJ9.eyJ1c2VySWQiOm51bGwsImlhdCI6MTU5ODYwNDA5NiwiZXhwIjoxNTk4Nzc4Njk2fQ.btNTrl40DdjRV_dIgum2wRqDPwjScFhFwNhXOrzyx38
2020-08-28 15:55:45,766 INFO  com.zaxxer.hikari.HikariDataSource HikariPool-1 - Starting...
2020-08-28 15:55:45,924 INFO  com.zaxxer.hikari.HikariDataSource HikariPool-1 - Start completed.
2020-08-28 15:55:45,925 INFO  com.zaxxer.hikari.HikariDataSource HikariPool-2 - Starting...
2020-08-28 15:55:45,932 INFO  com.zaxxer.hikari.HikariDataSource HikariPool-2 - Start completed.
2020-08-28 15:55:46,221 INFO  org.redisson.Version Redisson 3.11.6
2020-08-28 15:55:46,353 INFO  org.redisson.connection.pool.MasterConnectionPool 24 connections initialized for 127.0.0.1/127.0.0.1:6379
2020-08-28 15:55:46,352 INFO  org.redisson.connection.pool.MasterPubSubConnectionPool 1 connections initialized for 127.0.0.1/127.0.0.1:6379
2020-08-28 15:55:46,417 INFO  vn.zalopay.phucvt.fooapp.server.RestfulAPI Starting RestfulAPI Server ...
2020-08-28 15:55:46,424 INFO  vn.zalopay.phucvt.fooapp.server.RestfulAPI Starting RestfulAPI Server ...
2020-08-28 15:55:46,430 INFO  vn.zalopay.phucvt.fooapp.server.RestfulAPI Starting RestfulAPI Server ...
2020-08-28 15:55:46,436 INFO  vn.zalopay.phucvt.fooapp.server.RestfulAPI Starting RestfulAPI Server ...
2020-08-28 15:55:46,440 INFO  vn.zalopay.phucvt.fooapp.server.RestfulAPI Starting RestfulAPI Server ...
2020-08-28 15:55:46,441 INFO  vn.zalopay.phucvt.fooapp.server.RestfulAPI Starting RestfulAPI Server ...
2020-08-28 15:55:46,442 INFO  vn.zalopay.phucvt.fooapp.server.RestfulAPI Starting RestfulAPI Server ...
2020-08-28 15:55:46,443 INFO  vn.zalopay.phucvt.fooapp.server.RestfulAPI Starting RestfulAPI Server ...
2020-08-28 15:55:46,460 INFO  vn.zalopay.phucvt.fooapp.server.RestfulAPI API Server start successfully !, port:8055
2020-08-28 15:55:46,460 INFO  vn.zalopay.phucvt.fooapp.server.RestfulAPI API Server start successfully !, port:8055
2020-08-28 15:55:46,460 INFO  vn.zalopay.phucvt.fooapp.server.RestfulAPI API Server start successfully !, port:8055
2020-08-28 15:55:46,460 INFO  vn.zalopay.phucvt.fooapp.server.RestfulAPI API Server start successfully !, port:8055
2020-08-28 15:55:46,461 INFO  vn.zalopay.phucvt.fooapp.server.RestfulAPI API Server start successfully !, port:8055
2020-08-28 15:55:46,461 INFO  vn.zalopay.phucvt.fooapp.server.RestfulAPI API Server start successfully !, port:8055
2020-08-28 15:55:46,461 INFO  vn.zalopay.phucvt.fooapp.server.RestfulAPI API Server start successfully !, port:8055
2020-08-28 15:55:46,461 INFO  vn.zalopay.phucvt.fooapp.server.RestfulAPI API Server start successfully !, port:8055
2020-08-28 15:55:56,271 INFO  vn.zalopay.phucvt.fooapp.handler.BaseHandler call handle func in abstract class.
2020-08-28 15:55:56,272 INFO  vn.zalopay.phucvt.fooapp.handler.SignOutHandler sign out
2020-08-28 15:55:56,275 INFO  vn.zalopay.phucvt.fooapp.handler.SignOutHandler get token: null
2020-08-28 15:57:14,191 INFO  com.zaxxer.hikari.HikariDataSource HikariPool-1 - Starting...
2020-08-28 15:57:14,344 INFO  com.zaxxer.hikari.HikariDataSource HikariPool-1 - Start completed.
2020-08-28 15:57:14,345 INFO  com.zaxxer.hikari.HikariDataSource HikariPool-2 - Starting...
2020-08-28 15:57:14,356 INFO  com.zaxxer.hikari.HikariDataSource HikariPool-2 - Start completed.
2020-08-28 15:57:14,666 INFO  org.redisson.Version Redisson 3.11.6
2020-08-28 15:57:14,822 INFO  org.redisson.connection.pool.MasterConnectionPool 24 connections initialized for 127.0.0.1/127.0.0.1:6379
2020-08-28 15:57:14,829 INFO  org.redisson.connection.pool.MasterPubSubConnectionPool 1 connections initialized for 127.0.0.1/127.0.0.1:6379
2020-08-28 15:57:14,890 INFO  vn.zalopay.phucvt.fooapp.server.RestfulAPI Starting RestfulAPI Server ...
2020-08-28 15:57:14,890 INFO  vn.zalopay.phucvt.fooapp.server.RestfulAPI Starting RestfulAPI Server ...
2020-08-28 15:57:14,891 INFO  vn.zalopay.phucvt.fooapp.server.RestfulAPI Starting RestfulAPI Server ...
2020-08-28 15:57:14,896 INFO  vn.zalopay.phucvt.fooapp.server.RestfulAPI Starting RestfulAPI Server ...
2020-08-28 15:57:14,902 INFO  vn.zalopay.phucvt.fooapp.server.RestfulAPI Starting RestfulAPI Server ...
2020-08-28 15:57:14,904 INFO  vn.zalopay.phucvt.fooapp.server.RestfulAPI Starting RestfulAPI Server ...
2020-08-28 15:57:14,909 INFO  vn.zalopay.phucvt.fooapp.server.RestfulAPI Starting RestfulAPI Server ...
2020-08-28 15:57:14,919 INFO  vn.zalopay.phucvt.fooapp.server.RestfulAPI Starting RestfulAPI Server ...
2020-08-28 15:57:14,922 INFO  vn.zalopay.phucvt.fooapp.server.RestfulAPI API Server start successfully !, port:8055
2020-08-28 15:57:14,922 INFO  vn.zalopay.phucvt.fooapp.server.RestfulAPI API Server start successfully !, port:8055
2020-08-28 15:57:14,923 INFO  vn.zalopay.phucvt.fooapp.server.RestfulAPI API Server start successfully !, port:8055
2020-08-28 15:57:14,923 INFO  vn.zalopay.phucvt.fooapp.server.RestfulAPI API Server start successfully !, port:8055
2020-08-28 15:57:14,923 INFO  vn.zalopay.phucvt.fooapp.server.RestfulAPI API Server start successfully !, port:8055
2020-08-28 15:57:14,923 INFO  vn.zalopay.phucvt.fooapp.server.RestfulAPI API Server start successfully !, port:8055
2020-08-28 15:57:14,923 INFO  vn.zalopay.phucvt.fooapp.server.RestfulAPI API Server start successfully !, port:8055
2020-08-28 15:57:14,923 INFO  vn.zalopay.phucvt.fooapp.server.RestfulAPI API Server start successfully !, port:8055
2020-08-28 15:57:20,608 INFO  vn.zalopay.phucvt.fooapp.handler.BaseHandler call handle func in abstract class.
2020-08-28 15:57:20,609 INFO  vn.zalopay.phucvt.fooapp.handler.SignOutHandler sign out
2020-08-28 15:57:20,611 INFO  vn.zalopay.phucvt.fooapp.handler.SignOutHandler get token: null
2020-08-28 15:57:20,644 INFO  vn.zalopay.phucvt.fooapp.cache.BlackListCacheImpl done add token
2020-08-28 16:00:03,913 INFO  com.zaxxer.hikari.HikariDataSource HikariPool-1 - Starting...
2020-08-28 16:00:04,063 INFO  com.zaxxer.hikari.HikariDataSource HikariPool-1 - Start completed.
2020-08-28 16:00:04,064 INFO  com.zaxxer.hikari.HikariDataSource HikariPool-2 - Starting...
2020-08-28 16:00:04,073 INFO  com.zaxxer.hikari.HikariDataSource HikariPool-2 - Start completed.
2020-08-28 16:00:04,381 INFO  org.redisson.Version Redisson 3.11.6
2020-08-28 16:00:04,504 INFO  org.redisson.connection.pool.MasterConnectionPool 24 connections initialized for 127.0.0.1/127.0.0.1:6379
2020-08-28 16:00:04,508 INFO  org.redisson.connection.pool.MasterPubSubConnectionPool 1 connections initialized for 127.0.0.1/127.0.0.1:6379
2020-08-28 16:00:04,569 INFO  vn.zalopay.phucvt.fooapp.server.RestfulAPI Starting RestfulAPI Server ...
2020-08-28 16:00:04,575 INFO  vn.zalopay.phucvt.fooapp.server.RestfulAPI Starting RestfulAPI Server ...
2020-08-28 16:00:04,576 INFO  vn.zalopay.phucvt.fooapp.server.RestfulAPI Starting RestfulAPI Server ...
2020-08-28 16:00:04,588 INFO  vn.zalopay.phucvt.fooapp.server.RestfulAPI Starting RestfulAPI Server ...
2020-08-28 16:00:04,590 INFO  vn.zalopay.phucvt.fooapp.server.RestfulAPI Starting RestfulAPI Server ...
2020-08-28 16:00:04,592 INFO  vn.zalopay.phucvt.fooapp.server.RestfulAPI Starting RestfulAPI Server ...
2020-08-28 16:00:04,592 INFO  vn.zalopay.phucvt.fooapp.server.RestfulAPI Starting RestfulAPI Server ...
2020-08-28 16:00:04,596 INFO  vn.zalopay.phucvt.fooapp.server.RestfulAPI Starting RestfulAPI Server ...
2020-08-28 16:00:04,600 INFO  vn.zalopay.phucvt.fooapp.server.RestfulAPI API Server start successfully !, port:8055
2020-08-28 16:00:04,600 INFO  vn.zalopay.phucvt.fooapp.server.RestfulAPI API Server start successfully !, port:8055
2020-08-28 16:00:04,600 INFO  vn.zalopay.phucvt.fooapp.server.RestfulAPI API Server start successfully !, port:8055
2020-08-28 16:00:04,600 INFO  vn.zalopay.phucvt.fooapp.server.RestfulAPI API Server start successfully !, port:8055
2020-08-28 16:00:04,601 INFO  vn.zalopay.phucvt.fooapp.server.RestfulAPI API Server start successfully !, port:8055
2020-08-28 16:00:04,601 INFO  vn.zalopay.phucvt.fooapp.server.RestfulAPI API Server start successfully !, port:8055
2020-08-28 16:00:04,602 INFO  vn.zalopay.phucvt.fooapp.server.RestfulAPI API Server start successfully !, port:8055
2020-08-28 16:00:04,603 INFO  vn.zalopay.phucvt.fooapp.server.RestfulAPI API Server start successfully !, port:8055
2020-08-28 16:00:12,455 INFO  vn.zalopay.phucvt.fooapp.handler.BaseHandler call handle func in abstract class.
2020-08-28 16:00:12,456 INFO  vn.zalopay.phucvt.fooapp.handler.SignOutHandler sign out
2020-08-28 16:00:12,458 INFO  vn.zalopay.phucvt.fooapp.handler.SignOutHandler get token: null
2020-08-28 16:00:12,488 INFO  vn.zalopay.phucvt.fooapp.cache.BlackListCacheImpl done add token
2020-08-28 16:07:37,111 INFO  com.zaxxer.hikari.HikariDataSource HikariPool-1 - Starting...
2020-08-28 16:07:37,266 INFO  com.zaxxer.hikari.HikariDataSource HikariPool-1 - Start completed.
2020-08-28 16:07:37,267 INFO  com.zaxxer.hikari.HikariDataSource HikariPool-2 - Starting...
2020-08-28 16:07:37,274 INFO  com.zaxxer.hikari.HikariDataSource HikariPool-2 - Start completed.
2020-08-28 16:07:37,576 INFO  org.redisson.Version Redisson 3.11.6
2020-08-28 16:07:37,767 INFO  org.redisson.connection.pool.MasterPubSubConnectionPool 1 connections initialized for 127.0.0.1/127.0.0.1:6379
2020-08-28 16:07:37,767 INFO  org.redisson.connection.pool.MasterConnectionPool 24 connections initialized for 127.0.0.1/127.0.0.1:6379
2020-08-28 16:07:37,818 INFO  vn.zalopay.phucvt.fooapp.server.RestfulAPI Starting RestfulAPI Server ...
2020-08-28 16:07:37,820 INFO  vn.zalopay.phucvt.fooapp.server.RestfulAPI Starting RestfulAPI Server ...
2020-08-28 16:07:37,831 INFO  vn.zalopay.phucvt.fooapp.server.RestfulAPI Starting RestfulAPI Server ...
2020-08-28 16:07:37,834 INFO  vn.zalopay.phucvt.fooapp.server.RestfulAPI Starting RestfulAPI Server ...
2020-08-28 16:07:37,835 INFO  vn.zalopay.phucvt.fooapp.server.RestfulAPI Starting RestfulAPI Server ...
2020-08-28 16:07:37,836 INFO  vn.zalopay.phucvt.fooapp.server.RestfulAPI Starting RestfulAPI Server ...
2020-08-28 16:07:37,837 INFO  vn.zalopay.phucvt.fooapp.server.RestfulAPI Starting RestfulAPI Server ...
2020-08-28 16:07:37,839 INFO  vn.zalopay.phucvt.fooapp.server.RestfulAPI Starting RestfulAPI Server ...
2020-08-28 16:07:37,852 INFO  vn.zalopay.phucvt.fooapp.server.RestfulAPI API Server start successfully !, port:8055
2020-08-28 16:07:37,852 INFO  vn.zalopay.phucvt.fooapp.server.RestfulAPI API Server start successfully !, port:8055
2020-08-28 16:07:37,853 INFO  vn.zalopay.phucvt.fooapp.server.RestfulAPI API Server start successfully !, port:8055
2020-08-28 16:07:37,853 INFO  vn.zalopay.phucvt.fooapp.server.RestfulAPI API Server start successfully !, port:8055
2020-08-28 16:07:37,853 INFO  vn.zalopay.phucvt.fooapp.server.RestfulAPI API Server start successfully !, port:8055
2020-08-28 16:07:37,853 INFO  vn.zalopay.phucvt.fooapp.server.RestfulAPI API Server start successfully !, port:8055
2020-08-28 16:07:37,853 INFO  vn.zalopay.phucvt.fooapp.server.RestfulAPI API Server start successfully !, port:8055
2020-08-28 16:07:37,853 INFO  vn.zalopay.phucvt.fooapp.server.RestfulAPI API Server start successfully !, port:8055
2020-08-28 16:12:24,017 INFO  vn.zalopay.phucvt.fooapp.handler.BaseHandler call handle func in abstract class.
2020-08-28 16:12:24,018 INFO  vn.zalopay.phucvt.fooapp.handler.SignOutHandler sign out
2020-08-28 16:12:24,021 INFO  vn.zalopay.phucvt.fooapp.handler.SignOutHandler get token: null
2020-08-28 16:12:24,145 INFO  vn.zalopay.phucvt.fooapp.cache.BlackListCacheImpl done add token
2020-08-28 16:28:43,170 INFO  com.zaxxer.hikari.HikariDataSource HikariPool-1 - Starting...
2020-08-28 16:28:43,323 INFO  com.zaxxer.hikari.HikariDataSource HikariPool-1 - Start completed.
2020-08-28 16:28:43,323 INFO  com.zaxxer.hikari.HikariDataSource HikariPool-2 - Starting...
2020-08-28 16:28:43,330 INFO  com.zaxxer.hikari.HikariDataSource HikariPool-2 - Start completed.
2020-08-28 16:28:43,630 INFO  org.redisson.Version Redisson 3.11.6
2020-08-28 16:28:43,754 INFO  org.redisson.connection.pool.MasterPubSubConnectionPool 1 connections initialized for 127.0.0.1/127.0.0.1:6379
2020-08-28 16:28:43,763 INFO  org.redisson.connection.pool.MasterConnectionPool 24 connections initialized for 127.0.0.1/127.0.0.1:6379
2020-08-28 16:28:43,805 INFO  vn.zalopay.phucvt.fooapp.server.RestfulAPI Starting RestfulAPI Server ...
2020-08-28 16:28:43,805 INFO  vn.zalopay.phucvt.fooapp.server.RestfulAPI Starting RestfulAPI Server ...
2020-08-28 16:28:43,808 INFO  vn.zalopay.phucvt.fooapp.server.RestfulAPI Starting RestfulAPI Server ...
2020-08-28 16:28:43,814 INFO  vn.zalopay.phucvt.fooapp.server.RestfulAPI Starting RestfulAPI Server ...
2020-08-28 16:28:43,817 INFO  vn.zalopay.phucvt.fooapp.server.RestfulAPI Starting RestfulAPI Server ...
2020-08-28 16:28:43,828 INFO  vn.zalopay.phucvt.fooapp.server.RestfulAPI Starting RestfulAPI Server ...
2020-08-28 16:28:43,840 INFO  vn.zalopay.phucvt.fooapp.server.RestfulAPI Starting RestfulAPI Server ...
2020-08-28 16:28:43,841 INFO  vn.zalopay.phucvt.fooapp.server.RestfulAPI Starting RestfulAPI Server ...
2020-08-28 16:28:43,854 INFO  vn.zalopay.phucvt.fooapp.server.RestfulAPI API Server start successfully !, port:8055
2020-08-28 16:28:43,854 INFO  vn.zalopay.phucvt.fooapp.server.RestfulAPI API Server start successfully !, port:8055
2020-08-28 16:28:43,854 INFO  vn.zalopay.phucvt.fooapp.server.RestfulAPI API Server start successfully !, port:8055
2020-08-28 16:28:43,854 INFO  vn.zalopay.phucvt.fooapp.server.RestfulAPI API Server start successfully !, port:8055
2020-08-28 16:28:43,854 INFO  vn.zalopay.phucvt.fooapp.server.RestfulAPI API Server start successfully !, port:8055
2020-08-28 16:28:43,854 INFO  vn.zalopay.phucvt.fooapp.server.RestfulAPI API Server start successfully !, port:8055
2020-08-28 16:28:43,854 INFO  vn.zalopay.phucvt.fooapp.server.RestfulAPI API Server start successfully !, port:8055
2020-08-28 16:28:43,855 INFO  vn.zalopay.phucvt.fooapp.server.RestfulAPI API Server start successfully !, port:8055
